{"/home/travis/build/npmtest/node-npmtest-babel-preset-env/test.js":{"path":"/home/travis/build/npmtest/node-npmtest-babel-preset-env/test.js","s":{"1":2,"2":2,"3":2,"4":2,"5":2,"6":2,"7":2,"8":1,"9":2,"10":2,"11":1,"12":1,"13":1,"14":1,"15":2,"16":2,"17":2,"18":2,"19":1,"20":1,"21":2,"22":2,"23":2,"24":1,"25":1,"26":1,"27":1,"28":1,"29":1,"30":1,"31":1,"32":1,"33":1,"34":1,"35":1,"36":1,"37":1,"38":1,"39":2,"40":2,"41":1,"42":2,"43":2,"44":1,"45":2,"46":2,"47":1,"48":2,"49":2,"50":1,"51":1,"52":1,"53":1,"54":1},"b":{"1":[2,1,1,1],"2":[1,1,1,1],"3":[1,1],"4":[1,1],"5":[1,1],"6":[1,1],"7":[1,1],"8":[1,1],"9":[1,1],"10":[1,1,1],"11":[1,1],"12":[1,1],"13":[1,1],"14":[1,1],"15":[1,1],"16":[1,1],"17":[1,1]},"f":{"1":2,"2":2,"3":2,"4":2,"5":2,"6":1,"7":1,"8":1,"9":2,"10":2,"11":2,"12":2,"13":1},"fnMap":{"1":{"name":"(anonymous_1)","line":12,"loc":{"start":{"line":12,"column":1},"end":{"line":12,"column":13}}},"2":{"name":"(anonymous_2)","line":19,"loc":{"start":{"line":19,"column":5},"end":{"line":19,"column":17}}},"3":{"name":"(anonymous_3)","line":23,"loc":{"start":{"line":23,"column":24},"end":{"line":23,"column":36}}},"4":{"name":"(anonymous_4)","line":61,"loc":{"start":{"line":61,"column":5},"end":{"line":61,"column":17}}},"5":{"name":"(anonymous_5)","line":82,"loc":{"start":{"line":82,"column":5},"end":{"line":82,"column":17}}},"6":{"name":"(anonymous_6)","line":91,"loc":{"start":{"line":91,"column":77},"end":{"line":94,"column":10}}},"7":{"name":"(anonymous_7)","line":112,"loc":{"start":{"line":112,"column":83},"end":{"line":115,"column":10}},"skip":true},"8":{"name":"(anonymous_8)","line":123,"loc":{"start":{"line":123,"column":77},"end":{"line":126,"column":10}},"skip":true},"9":{"name":"(anonymous_9)","line":139,"loc":{"start":{"line":139,"column":12},"end":{"line":139,"column":40}},"skip":true},"10":{"name":"(anonymous_10)","line":147,"loc":{"start":{"line":147,"column":77},"end":{"line":150,"column":10}},"skip":true},"11":{"name":"(anonymous_11)","line":158,"loc":{"start":{"line":158,"column":83},"end":{"line":161,"column":10}},"skip":true},"12":{"name":"(anonymous_12)","line":169,"loc":{"start":{"line":169,"column":79},"end":{"line":172,"column":10}},"skip":true},"13":{"name":"(anonymous_13)","line":180,"loc":{"start":{"line":180,"column":75},"end":{"line":183,"column":10}},"skip":true}},"statementMap":{"1":{"start":{"line":12,"column":0},"end":{"line":195,"column":5}},"2":{"start":{"line":14,"column":4},"end":{"line":14,"column":14}},"3":{"start":{"line":19,"column":4},"end":{"line":56,"column":9}},"4":{"start":{"line":21,"column":8},"end":{"line":21,"column":19}},"5":{"start":{"line":23,"column":8},"end":{"line":35,"column":13}},"6":{"start":{"line":24,"column":12},"end":{"line":34,"column":13}},"7":{"start":{"line":25,"column":16},"end":{"line":28,"column":30}},"8":{"start":{"line":30,"column":16},"end":{"line":33,"column":27}},"9":{"start":{"line":37,"column":8},"end":{"line":39,"column":21}},"10":{"start":{"line":40,"column":8},"end":{"line":53,"column":9}},"11":{"start":{"line":43,"column":12},"end":{"line":46,"column":14}},"12":{"start":{"line":47,"column":12},"end":{"line":47,"column":18}},"13":{"start":{"line":50,"column":12},"end":{"line":51,"column":46}},"14":{"start":{"line":52,"column":12},"end":{"line":52,"column":18}},"15":{"start":{"line":55,"column":8},"end":{"line":55,"column":35}},"16":{"start":{"line":61,"column":4},"end":{"line":63,"column":9}},"17":{"start":{"line":62,"column":8},"end":{"line":62,"column":15}},"18":{"start":{"line":64,"column":4},"end":{"line":77,"column":5}},"19":{"start":{"line":70,"column":8},"end":{"line":70,"column":14}},"20":{"start":{"line":76,"column":8},"end":{"line":76,"column":14}},"21":{"start":{"line":82,"column":4},"end":{"line":84,"column":9}},"22":{"start":{"line":83,"column":8},"end":{"line":83,"column":15}},"23":{"start":{"line":85,"column":4},"end":{"line":194,"column":5}},"24":{"start":{"line":91,"column":8},"end":{"line":99,"column":10}},"25":{"start":{"line":98,"column":12},"end":{"line":98,"column":35}},"26":{"start":{"line":102,"column":8},"end":{"line":104,"column":63}},"27":{"start":{"line":105,"column":8},"end":{"line":105,"column":14}},"28":{"start":{"line":112,"column":8},"end":{"line":121,"column":10},"skip":true},"29":{"start":{"line":119,"column":12},"end":{"line":119,"column":55},"skip":true},"30":{"start":{"line":120,"column":12},"end":{"line":120,"column":48},"skip":true},"31":{"start":{"line":123,"column":8},"end":{"line":136,"column":10},"skip":true},"32":{"start":{"line":130,"column":12},"end":{"line":130,"column":76},"skip":true},"33":{"start":{"line":131,"column":12},"end":{"line":131,"column":73},"skip":true},"34":{"start":{"line":132,"column":12},"end":{"line":132,"column":74},"skip":true},"35":{"start":{"line":133,"column":12},"end":{"line":133,"column":79},"skip":true},"36":{"start":{"line":134,"column":12},"end":{"line":134,"column":25},"skip":true},"37":{"start":{"line":135,"column":12},"end":{"line":135,"column":45},"skip":true},"38":{"start":{"line":138,"column":8},"end":{"line":145,"column":14},"skip":true},"39":{"start":{"line":143,"column":16},"end":{"line":143,"column":29},"skip":true},"40":{"start":{"line":144,"column":16},"end":{"line":144,"column":55},"skip":true},"41":{"start":{"line":147,"column":8},"end":{"line":156,"column":10},"skip":true},"42":{"start":{"line":154,"column":12},"end":{"line":154,"column":25},"skip":true},"43":{"start":{"line":155,"column":12},"end":{"line":155,"column":45},"skip":true},"44":{"start":{"line":158,"column":8},"end":{"line":167,"column":10},"skip":true},"45":{"start":{"line":165,"column":12},"end":{"line":165,"column":25},"skip":true},"46":{"start":{"line":166,"column":12},"end":{"line":166,"column":48},"skip":true},"47":{"start":{"line":169,"column":8},"end":{"line":178,"column":10},"skip":true},"48":{"start":{"line":176,"column":12},"end":{"line":176,"column":25},"skip":true},"49":{"start":{"line":177,"column":12},"end":{"line":177,"column":46},"skip":true},"50":{"start":{"line":180,"column":8},"end":{"line":189,"column":10},"skip":true},"51":{"start":{"line":187,"column":12},"end":{"line":187,"column":94},"skip":true},"52":{"start":{"line":188,"column":12},"end":{"line":188,"column":48},"skip":true},"53":{"start":{"line":192,"column":8},"end":{"line":192,"column":35},"skip":true},"54":{"start":{"line":193,"column":8},"end":{"line":193,"column":14},"skip":true}},"branchMap":{"1":{"line":25,"type":"binary-expr","locations":[{"start":{"line":25,"column":23},"end":{"line":25,"column":62}},{"start":{"line":26,"column":20},"end":{"line":26,"column":70}},{"start":{"line":27,"column":20},"end":{"line":27,"column":71}},{"start":{"line":28,"column":20},"end":{"line":28,"column":29}}]},"2":{"line":30,"type":"binary-expr","locations":[{"start":{"line":30,"column":23},"end":{"line":30,"column":37}},{"start":{"line":31,"column":20},"end":{"line":31,"column":61}},{"start":{"line":32,"column":20},"end":{"line":32,"column":70}},{"start":{"line":33,"column":20},"end":{"line":33,"column":26}}]},"3":{"line":37,"type":"cond-expr","locations":[{"start":{"line":38,"column":14},"end":{"line":38,"column":20}},{"start":{"line":39,"column":14},"end":{"line":39,"column":20}}]},"4":{"line":40,"type":"switch","locations":[{"start":{"line":42,"column":8},"end":{"line":47,"column":18}},{"start":{"line":49,"column":8},"end":{"line":52,"column":18}}]},"5":{"line":44,"type":"binary-expr","locations":[{"start":{"line":44,"column":16},"end":{"line":44,"column":44}},{"start":{"line":44,"column":48},"end":{"line":44,"column":66}}]},"6":{"line":50,"type":"binary-expr","locations":[{"start":{"line":50,"column":21},"end":{"line":50,"column":49}},{"start":{"line":50,"column":53},"end":{"line":50,"column":72}}]},"7":{"line":64,"type":"switch","locations":[{"start":{"line":69,"column":4},"end":{"line":70,"column":14}},{"start":{"line":75,"column":4},"end":{"line":76,"column":14}}]},"8":{"line":85,"type":"switch","locations":[{"start":{"line":90,"column":4},"end":{"line":105,"column":14}},{"start":{"line":111,"column":4},"end":{"line":193,"column":14},"skip":true}]},"9":{"line":91,"type":"binary-expr","locations":[{"start":{"line":91,"column":42},"end":{"line":91,"column":73}},{"start":{"line":91,"column":77},"end":{"line":99,"column":9}}]},"10":{"line":102,"type":"binary-expr","locations":[{"start":{"line":102,"column":18},"end":{"line":102,"column":32}},{"start":{"line":103,"column":12},"end":{"line":103,"column":53}},{"start":{"line":104,"column":12},"end":{"line":104,"column":61}}]},"11":{"line":112,"type":"binary-expr","locations":[{"start":{"line":112,"column":45},"end":{"line":112,"column":79},"skip":true},{"start":{"line":112,"column":83},"end":{"line":121,"column":9},"skip":true}]},"12":{"line":123,"type":"binary-expr","locations":[{"start":{"line":123,"column":42},"end":{"line":123,"column":73},"skip":true},{"start":{"line":123,"column":77},"end":{"line":136,"column":9},"skip":true}]},"13":{"line":138,"type":"binary-expr","locations":[{"start":{"line":138,"column":48},"end":{"line":138,"column":85},"skip":true},{"start":{"line":139,"column":12},"end":{"line":145,"column":13},"skip":true}]},"14":{"line":147,"type":"binary-expr","locations":[{"start":{"line":147,"column":42},"end":{"line":147,"column":73},"skip":true},{"start":{"line":147,"column":77},"end":{"line":156,"column":9},"skip":true}]},"15":{"line":158,"type":"binary-expr","locations":[{"start":{"line":158,"column":45},"end":{"line":158,"column":79},"skip":true},{"start":{"line":158,"column":83},"end":{"line":167,"column":9},"skip":true}]},"16":{"line":169,"type":"binary-expr","locations":[{"start":{"line":169,"column":43},"end":{"line":169,"column":75},"skip":true},{"start":{"line":169,"column":79},"end":{"line":178,"column":9},"skip":true}]},"17":{"line":180,"type":"binary-expr","locations":[{"start":{"line":180,"column":41},"end":{"line":180,"column":71},"skip":true},{"start":{"line":180,"column":75},"end":{"line":189,"column":9},"skip":true}]}},"code":["/* istanbul instrument in package npmtest_babel_preset_env */","/*jslint","    bitwise: true,","    browser: true,","    maxerr: 8,","    maxlen: 96,","    node: true,","    nomen: true,","    regexp: true,","    stupid: true","*/","(function () {","    'use strict';","    var local;","","","","    // run shared js-env code - pre-init","    (function () {","        // init local","        local = {};","        // init modeJs","        local.modeJs = (function () {","            try {","                return typeof navigator.userAgent === 'string' &&","                    typeof document.querySelector('body') === 'object' &&","                    typeof XMLHttpRequest.prototype.open === 'function' &&","                    'browser';","            } catch (errorCaughtBrowser) {","                return module.exports &&","                    typeof process.versions.node === 'string' &&","                    typeof require('http').createServer === 'function' &&","                    'node';","            }","        }());","        // init global","        local.global = local.modeJs === 'browser'","            ? window","            : global;","        switch (local.modeJs) {","        // re-init local from window.local","        case 'browser':","            local = local.global.utility2.objectSetDefault(","                local.global.utility2_rollup || local.global.local,","                local.global.utility2","            );","            break;","        // re-init local from example.js","        case 'node':","            local = (local.global.utility2_rollup || require('utility2'))","                .requireExampleJsFromReadme();","            break;","        }","        // export local","        local.global.local = local;","    }());","","","","    // run shared js-env code - function","    (function () {","        return;","    }());","    switch (local.modeJs) {","","","","    // run browser js-env code - function","    case 'browser':","        break;","","","","    // run node js-env code - function","    case 'node':","        break;","    }","","","","    // run shared js-env code - post-init","    (function () {","        return;","    }());","    switch (local.modeJs) {","","","","    // run browser js-env code - post-init","    case 'browser':","        local.testCase_browser_nullCase = local.testCase_browser_nullCase || function (","            options,","            onError","        ) {","        /*","         * this function will test browsers's null-case handling-behavior-behavior","         */","            onError(null, options);","        };","","        // run tests","        local.nop(local.modeTest &&","            document.querySelector('#testRunButton1') &&","            document.querySelector('#testRunButton1').click());","        break;","","","","    // run node js-env code - post-init","    /* istanbul ignore next */","    case 'node':","        local.testCase_buildApidoc_default = local.testCase_buildApidoc_default || function (","            options,","            onError","        ) {","        /*","         * this function will test buildApidoc's default handling-behavior-behavior","         */","            options = { modulePathList: module.paths };","            local.buildApidoc(options, onError);","        };","","        local.testCase_buildApp_default = local.testCase_buildApp_default || function (","            options,","            onError","        ) {","        /*","         * this function will test buildApp's default handling-behavior-behavior","         */","            local.testCase_buildReadme_default(options, local.onErrorThrow);","            local.testCase_buildLib_default(options, local.onErrorThrow);","            local.testCase_buildTest_default(options, local.onErrorThrow);","            local.testCase_buildCustomOrg_default(options, local.onErrorThrow);","            options = [];","            local.buildApp(options, onError);","        };","","        local.testCase_buildCustomOrg_default = local.testCase_buildCustomOrg_default ||","            function (options, onError) {","            /*","             * this function will test buildCustomOrg's default handling-behavior","             */","                options = {};","                local.buildCustomOrg(options, onError);","            };","","        local.testCase_buildLib_default = local.testCase_buildLib_default || function (","            options,","            onError","        ) {","        /*","         * this function will test buildLib's default handling-behavior","         */","            options = {};","            local.buildLib(options, onError);","        };","","        local.testCase_buildReadme_default = local.testCase_buildReadme_default || function (","            options,","            onError","        ) {","        /*","         * this function will test buildReadme's default handling-behavior-behavior","         */","            options = {};","            local.buildReadme(options, onError);","        };","","        local.testCase_buildTest_default = local.testCase_buildTest_default || function (","            options,","            onError","        ) {","        /*","         * this function will test buildTest's default handling-behavior","         */","            options = {};","            local.buildTest(options, onError);","        };","","        local.testCase_webpage_default = local.testCase_webpage_default || function (","            options,","            onError","        ) {","        /*","         * this function will test webpage's default handling-behavior","         */","            options = { modeCoverageMerge: true, url: local.serverLocalHost + '?modeTest=1' };","            local.browserTest(options, onError);","        };","","        // run test-server","        local.testRunServer(local);","        break;","    }","}());",""],"l":{"12":2,"14":2,"19":2,"21":2,"23":2,"24":2,"25":2,"30":1,"37":2,"40":2,"43":1,"47":1,"50":1,"52":1,"55":2,"61":2,"62":2,"64":2,"70":1,"76":1,"82":2,"83":2,"85":2,"91":1,"98":1,"102":1,"105":1,"112":1,"119":1,"120":1,"123":1,"130":1,"131":1,"132":1,"133":1,"134":1,"135":1,"138":1,"143":2,"144":2,"147":1,"154":2,"155":2,"158":1,"165":2,"166":2,"169":1,"176":2,"177":2,"180":1,"187":1,"188":1,"192":1,"193":1}},"/home/travis/build/npmtest/node-npmtest-babel-preset-env/lib.npmtest_babel_preset_env.js":{"path":"/home/travis/build/npmtest/node-npmtest-babel-preset-env/lib.npmtest_babel_preset_env.js","s":{"1":2,"2":2,"3":2,"4":2,"5":2,"6":2,"7":2,"8":1,"9":2,"10":2,"11":2,"12":2,"13":1,"14":1,"15":1,"16":1},"b":{"1":[2,1,1,1],"2":[1,1,1,1],"3":[1,1],"4":[2,2],"5":[1,1]},"f":{"1":2,"2":2,"3":2},"fnMap":{"1":{"name":"(anonymous_1)","line":12,"loc":{"start":{"line":12,"column":1},"end":{"line":12,"column":13}}},"2":{"name":"(anonymous_2)","line":19,"loc":{"start":{"line":19,"column":5},"end":{"line":19,"column":17}}},"3":{"name":"(anonymous_3)","line":23,"loc":{"start":{"line":23,"column":24},"end":{"line":23,"column":36}}}},"statementMap":{"1":{"start":{"line":12,"column":0},"end":{"line":53,"column":5}},"2":{"start":{"line":14,"column":4},"end":{"line":14,"column":14}},"3":{"start":{"line":19,"column":4},"end":{"line":52,"column":9}},"4":{"start":{"line":21,"column":8},"end":{"line":21,"column":19}},"5":{"start":{"line":23,"column":8},"end":{"line":35,"column":13}},"6":{"start":{"line":24,"column":12},"end":{"line":34,"column":13}},"7":{"start":{"line":25,"column":16},"end":{"line":28,"column":30}},"8":{"start":{"line":30,"column":16},"end":{"line":33,"column":27}},"9":{"start":{"line":37,"column":8},"end":{"line":39,"column":21}},"10":{"start":{"line":41,"column":8},"end":{"line":41,"column":54}},"11":{"start":{"line":43,"column":8},"end":{"line":43,"column":61}},"12":{"start":{"line":45,"column":8},"end":{"line":51,"column":9}},"13":{"start":{"line":46,"column":12},"end":{"line":46,"column":67}},"14":{"start":{"line":48,"column":12},"end":{"line":48,"column":35}},"15":{"start":{"line":49,"column":12},"end":{"line":49,"column":49}},"16":{"start":{"line":50,"column":12},"end":{"line":50,"column":43}}},"branchMap":{"1":{"line":25,"type":"binary-expr","locations":[{"start":{"line":25,"column":23},"end":{"line":25,"column":62}},{"start":{"line":26,"column":20},"end":{"line":26,"column":70}},{"start":{"line":27,"column":20},"end":{"line":27,"column":71}},{"start":{"line":28,"column":20},"end":{"line":28,"column":29}}]},"2":{"line":30,"type":"binary-expr","locations":[{"start":{"line":30,"column":23},"end":{"line":30,"column":37}},{"start":{"line":31,"column":20},"end":{"line":31,"column":61}},{"start":{"line":32,"column":20},"end":{"line":32,"column":70}},{"start":{"line":33,"column":20},"end":{"line":33,"column":26}}]},"3":{"line":37,"type":"cond-expr","locations":[{"start":{"line":38,"column":14},"end":{"line":38,"column":20}},{"start":{"line":39,"column":14},"end":{"line":39,"column":20}}]},"4":{"line":41,"type":"binary-expr","locations":[{"start":{"line":41,"column":16},"end":{"line":41,"column":44}},{"start":{"line":41,"column":48},"end":{"line":41,"column":53}}]},"5":{"line":45,"type":"if","locations":[{"start":{"line":45,"column":8},"end":{"line":45,"column":8}},{"start":{"line":45,"column":8},"end":{"line":45,"column":8}}]}},"code":["/* istanbul instrument in package npmtest_babel_preset_env */","/*jslint","    bitwise: true,","    browser: true,","    maxerr: 8,","    maxlen: 96,","    node: true,","    nomen: true,","    regexp: true,","    stupid: true","*/","(function () {","    'use strict';","    var local;","","","","    // run shared js-env code - pre-init","    (function () {","        // init local","        local = {};","        // init modeJs","        local.modeJs = (function () {","            try {","                return typeof navigator.userAgent === 'string' &&","                    typeof document.querySelector('body') === 'object' &&","                    typeof XMLHttpRequest.prototype.open === 'function' &&","                    'browser';","            } catch (errorCaughtBrowser) {","                return module.exports &&","                    typeof process.versions.node === 'string' &&","                    typeof require('http').createServer === 'function' &&","                    'node';","            }","        }());","        // init global","        local.global = local.modeJs === 'browser'","            ? window","            : global;","        // init utility2_rollup","        local = local.global.utility2_rollup || local;","        // init lib","        local.local = local.npmtest_babel_preset_env = local;","        // init exports","        if (local.modeJs === 'browser') {","            local.global.utility2_npmtest_babel_preset_env = local;","        } else {","            module.exports = local;","            module.exports.__dirname = __dirname;","            module.exports.module = module;","        }","    }());","}());",""],"l":{"12":2,"14":2,"19":2,"21":2,"23":2,"24":2,"25":2,"30":1,"37":2,"41":2,"43":2,"45":2,"46":1,"48":1,"49":1,"50":1}},"/home/travis/build/npmtest/node-npmtest-babel-preset-env/example.js":{"path":"/home/travis/build/npmtest/node-npmtest-babel-preset-env/example.js","s":{"1":2,"2":2,"3":2,"4":2,"5":2,"6":2,"7":2,"8":1,"9":2,"10":2,"11":2,"12":2,"13":1,"14":2,"15":2,"16":2,"17":2,"18":2,"19":0,"20":2,"21":1,"22":1,"23":1,"24":1,"25":1,"26":0,"27":0,"28":1,"29":1,"30":2,"31":0,"32":0,"33":0,"34":1,"35":2,"36":2,"37":3,"38":3,"39":3,"40":3,"41":0,"42":3,"43":3,"44":3,"45":1,"46":3,"47":1,"48":1,"49":1,"50":1,"51":1,"52":1,"53":1,"54":1,"55":1,"56":1,"57":0,"58":1,"59":6,"60":6,"61":1,"62":2,"63":0,"64":2,"65":1,"66":1,"67":0,"68":0,"69":0,"70":0,"71":0,"72":0,"73":0,"74":0,"75":0,"76":0,"77":0,"78":0,"79":0,"80":0,"81":0,"82":0,"83":0},"b":{"1":[2,1,1,1],"2":[1,1,1,1],"3":[1,1],"4":[2,2],"5":[1,1],"6":[1,1],"7":[2,0],"8":[2,1,1,1,1,1],"9":[0,2,0],"10":[1,1],"11":[2,1,1],"12":[1,0],"13":[0,2],"14":[2,0,0,0,0,0,0],"15":[0,3],"16":[3,0],"17":[1,1],"18":[0,1],"19":[1,2,0,2],"20":[1,0],"21":[1,1],"22":[0,0],"23":[0,0],"24":[0,0],"25":[0,0],"26":[0,0],"27":[0,0],"28":[0,0]},"f":{"1":2,"2":2,"3":2,"4":2,"5":2,"6":2,"7":3,"8":3,"9":3,"10":1,"11":6,"12":0},"fnMap":{"1":{"name":"(anonymous_1)","line":26,"loc":{"start":{"line":26,"column":1},"end":{"line":26,"column":13}}},"2":{"name":"(anonymous_2)","line":33,"loc":{"start":{"line":33,"column":5},"end":{"line":33,"column":17}}},"3":{"name":"(anonymous_3)","line":37,"loc":{"start":{"line":37,"column":24},"end":{"line":37,"column":36}}},"4":{"name":"(anonymous_4)","line":69,"loc":{"start":{"line":69,"column":31},"end":{"line":69,"column":48}},"skip":true},"5":{"name":"(anonymous_5)","line":78,"loc":{"start":{"line":78,"column":26},"end":{"line":78,"column":45}},"skip":true},"6":{"name":"(anonymous_6)","line":123,"loc":{"start":{"line":123,"column":33},"end":{"line":123,"column":48}},"skip":true},"7":{"name":"(anonymous_7)","line":125,"loc":{"start":{"line":125,"column":27},"end":{"line":125,"column":39}},"skip":true},"8":{"name":"(anonymous_8)","line":133,"loc":{"start":{"line":133,"column":59},"end":{"line":133,"column":74}},"skip":true},"9":{"name":"(anonymous_9)","line":143,"loc":{"start":{"line":143,"column":45},"end":{"line":143,"column":62}},"skip":true},"10":{"name":"(anonymous_10)","line":144,"loc":{"start":{"line":144,"column":73},"end":{"line":144,"column":92}},"skip":true},"11":{"name":"(anonymous_11)","line":272,"loc":{"start":{"line":272,"column":51},"end":{"line":272,"column":77}},"skip":true},"12":{"name":"(anonymous_12)","line":315,"loc":{"start":{"line":315,"column":32},"end":{"line":315,"column":61}},"skip":true}},"statementMap":{"1":{"start":{"line":26,"column":0},"end":{"line":326,"column":5}},"2":{"start":{"line":28,"column":4},"end":{"line":28,"column":14}},"3":{"start":{"line":33,"column":4},"end":{"line":60,"column":9}},"4":{"start":{"line":35,"column":8},"end":{"line":35,"column":19}},"5":{"start":{"line":37,"column":8},"end":{"line":49,"column":13}},"6":{"start":{"line":38,"column":12},"end":{"line":48,"column":13}},"7":{"start":{"line":39,"column":16},"end":{"line":42,"column":30}},"8":{"start":{"line":44,"column":16},"end":{"line":47,"column":27}},"9":{"start":{"line":51,"column":8},"end":{"line":53,"column":21}},"10":{"start":{"line":55,"column":8},"end":{"line":57,"column":45}},"11":{"start":{"line":59,"column":8},"end":{"line":59,"column":35}},"12":{"start":{"line":61,"column":4},"end":{"line":325,"column":5}},"13":{"start":{"line":69,"column":8},"end":{"line":121,"column":10},"skip":true},"14":{"start":{"line":70,"column":12},"end":{"line":88,"column":13},"skip":true},"15":{"start":{"line":76,"column":16},"end":{"line":87,"column":19},"skip":true},"16":{"start":{"line":79,"column":20},"end":{"line":86,"column":21},"skip":true},"17":{"start":{"line":82,"column":24},"end":{"line":82,"column":43},"skip":true},"18":{"start":{"line":83,"column":24},"end":{"line":83,"column":30},"skip":true},"19":{"start":{"line":85,"column":24},"end":{"line":85,"column":49},"skip":true},"20":{"start":{"line":89,"column":12},"end":{"line":107,"column":13},"skip":true},"21":{"start":{"line":92,"column":16},"end":{"line":102,"column":17},"skip":true},"22":{"start":{"line":93,"column":20},"end":{"line":93,"column":86},"skip":true},"23":{"start":{"line":94,"column":20},"end":{"line":95,"column":45},"skip":true},"24":{"start":{"line":96,"column":20},"end":{"line":96,"column":42},"skip":true},"25":{"start":{"line":97,"column":20},"end":{"line":97,"column":48},"skip":true},"26":{"start":{"line":100,"column":20},"end":{"line":100,"column":85},"skip":true},"27":{"start":{"line":101,"column":20},"end":{"line":101,"column":96},"skip":true},"28":{"start":{"line":103,"column":16},"end":{"line":103,"column":22},"skip":true},"29":{"start":{"line":106,"column":16},"end":{"line":106,"column":22},"skip":true},"30":{"start":{"line":108,"column":12},"end":{"line":120,"column":13},"skip":true},"31":{"start":{"line":114,"column":16},"end":{"line":119,"column":17},"skip":true},"32":{"start":{"line":116,"column":20},"end":{"line":116,"column":78},"skip":true},"33":{"start":{"line":118,"column":20},"end":{"line":118,"column":47},"skip":true},"34":{"start":{"line":123,"column":8},"end":{"line":141,"column":11},"skip":true},"35":{"start":{"line":124,"column":12},"end":{"line":124,"column":54},"skip":true},"36":{"start":{"line":125,"column":12},"end":{"line":140,"column":14},"skip":true},"37":{"start":{"line":126,"column":16},"end":{"line":126,"column":28},"skip":true},"38":{"start":{"line":127,"column":16},"end":{"line":127,"column":69},"skip":true},"39":{"start":{"line":128,"column":16},"end":{"line":128,"column":75},"skip":true},"40":{"start":{"line":129,"column":16},"end":{"line":131,"column":17},"skip":true},"41":{"start":{"line":130,"column":20},"end":{"line":130,"column":27},"skip":true},"42":{"start":{"line":133,"column":16},"end":{"line":137,"column":36},"skip":true},"43":{"start":{"line":134,"column":20},"end":{"line":136,"column":55},"skip":true},"44":{"start":{"line":139,"column":16},"end":{"line":139,"column":57},"skip":true},"45":{"start":{"line":143,"column":8},"end":{"line":147,"column":11},"skip":true},"46":{"start":{"line":144,"column":12},"end":{"line":146,"column":15},"skip":true},"47":{"start":{"line":145,"column":16},"end":{"line":145,"column":70},"skip":true},"48":{"start":{"line":149,"column":8},"end":{"line":149,"column":31},"skip":true},"49":{"start":{"line":150,"column":8},"end":{"line":150,"column":14},"skip":true},"50":{"start":{"line":158,"column":8},"end":{"line":158,"column":31},"skip":true},"51":{"start":{"line":160,"column":8},"end":{"line":160,"column":33},"skip":true},"52":{"start":{"line":161,"column":8},"end":{"line":161,"column":37},"skip":true},"53":{"start":{"line":162,"column":8},"end":{"line":162,"column":35},"skip":true},"54":{"start":{"line":164,"column":8},"end":{"line":164,"column":50},"skip":true},"55":{"start":{"line":166,"column":8},"end":{"line":256,"column":2},"skip":true},"56":{"start":{"line":258,"column":8},"end":{"line":286,"column":9},"skip":true},"57":{"start":{"line":259,"column":12},"end":{"line":269,"column":14},"skip":true},"58":{"start":{"line":271,"column":12},"end":{"line":285,"column":19},"skip":true},"59":{"start":{"line":274,"column":20},"end":{"line":274,"column":35},"skip":true},"60":{"start":{"line":275,"column":20},"end":{"line":284,"column":21},"skip":true},"61":{"start":{"line":277,"column":24},"end":{"line":277,"column":64},"skip":true},"62":{"start":{"line":279,"column":24},"end":{"line":279,"column":40},"skip":true},"63":{"start":{"line":281,"column":24},"end":{"line":281,"column":40},"skip":true},"64":{"start":{"line":283,"column":24},"end":{"line":283,"column":39},"skip":true},"65":{"start":{"line":288,"column":8},"end":{"line":290,"column":9},"skip":true},"66":{"start":{"line":289,"column":12},"end":{"line":289,"column":18},"skip":true},"67":{"start":{"line":291,"column":8},"end":{"line":293,"column":54},"skip":true},"68":{"start":{"line":296,"column":8},"end":{"line":301,"column":37},"skip":true},"69":{"start":{"line":303,"column":8},"end":{"line":303,"column":82},"skip":true},"70":{"start":{"line":306,"column":8},"end":{"line":308,"column":9},"skip":true},"71":{"start":{"line":307,"column":12},"end":{"line":307,"column":82},"skip":true},"72":{"start":{"line":310,"column":8},"end":{"line":312,"column":9},"skip":true},"73":{"start":{"line":311,"column":12},"end":{"line":311,"column":18},"skip":true},"74":{"start":{"line":313,"column":8},"end":{"line":313,"column":54},"skip":true},"75":{"start":{"line":314,"column":8},"end":{"line":314,"column":69},"skip":true},"76":{"start":{"line":315,"column":8},"end":{"line":323,"column":36},"skip":true},"77":{"start":{"line":316,"column":12},"end":{"line":316,"column":61},"skip":true},"78":{"start":{"line":317,"column":12},"end":{"line":320,"column":13},"skip":true},"79":{"start":{"line":318,"column":16},"end":{"line":318,"column":75},"skip":true},"80":{"start":{"line":319,"column":16},"end":{"line":319,"column":23},"skip":true},"81":{"start":{"line":321,"column":12},"end":{"line":321,"column":38},"skip":true},"82":{"start":{"line":322,"column":12},"end":{"line":322,"column":27},"skip":true},"83":{"start":{"line":324,"column":8},"end":{"line":324,"column":14},"skip":true}},"branchMap":{"1":{"line":39,"type":"binary-expr","locations":[{"start":{"line":39,"column":23},"end":{"line":39,"column":62}},{"start":{"line":40,"column":20},"end":{"line":40,"column":70}},{"start":{"line":41,"column":20},"end":{"line":41,"column":71}},{"start":{"line":42,"column":20},"end":{"line":42,"column":29}}]},"2":{"line":44,"type":"binary-expr","locations":[{"start":{"line":44,"column":23},"end":{"line":44,"column":37}},{"start":{"line":45,"column":20},"end":{"line":45,"column":61}},{"start":{"line":46,"column":20},"end":{"line":46,"column":70}},{"start":{"line":47,"column":20},"end":{"line":47,"column":26}}]},"3":{"line":51,"type":"cond-expr","locations":[{"start":{"line":52,"column":14},"end":{"line":52,"column":20}},{"start":{"line":53,"column":14},"end":{"line":53,"column":20}}]},"4":{"line":55,"type":"binary-expr","locations":[{"start":{"line":55,"column":16},"end":{"line":55,"column":44}},{"start":{"line":55,"column":49},"end":{"line":57,"column":43}}]},"5":{"line":55,"type":"cond-expr","locations":[{"start":{"line":56,"column":14},"end":{"line":56,"column":60}},{"start":{"line":57,"column":14},"end":{"line":57,"column":43}}]},"6":{"line":61,"type":"switch","locations":[{"start":{"line":68,"column":4},"end":{"line":150,"column":14},"skip":true},{"start":{"line":156,"column":4},"end":{"line":324,"column":14},"skip":true}]},"7":{"line":70,"type":"if","locations":[{"start":{"line":70,"column":12},"end":{"line":70,"column":12},"skip":true},{"start":{"line":70,"column":12},"end":{"line":70,"column":12},"skip":true}]},"8":{"line":70,"type":"binary-expr","locations":[{"start":{"line":70,"column":16},"end":{"line":70,"column":22},"skip":true},{"start":{"line":70,"column":27},"end":{"line":70,"column":32},"skip":true},{"start":{"line":71,"column":20},"end":{"line":71,"column":39},"skip":true},{"start":{"line":72,"column":20},"end":{"line":72,"column":49},"skip":true},{"start":{"line":73,"column":20},"end":{"line":73,"column":58},"skip":true},{"start":{"line":74,"column":20},"end":{"line":74,"column":69},"skip":true}]},"9":{"line":79,"type":"switch","locations":[{"start":{"line":80,"column":20},"end":{"line":80,"column":33},"skip":true},{"start":{"line":81,"column":20},"end":{"line":83,"column":30},"skip":true},{"start":{"line":84,"column":20},"end":{"line":85,"column":49},"skip":true}]},"10":{"line":89,"type":"switch","locations":[{"start":{"line":90,"column":12},"end":{"line":103,"column":22},"skip":true},{"start":{"line":105,"column":12},"end":{"line":106,"column":22},"skip":true}]},"11":{"line":89,"type":"binary-expr","locations":[{"start":{"line":89,"column":20},"end":{"line":89,"column":25},"skip":true},{"start":{"line":89,"column":29},"end":{"line":89,"column":48},"skip":true},{"start":{"line":89,"column":52},"end":{"line":89,"column":74},"skip":true}]},"12":{"line":92,"type":"if","locations":[{"start":{"line":92,"column":16},"end":{"line":92,"column":16},"skip":true},{"start":{"line":92,"column":16},"end":{"line":92,"column":16},"skip":true}]},"13":{"line":108,"type":"if","locations":[{"start":{"line":108,"column":12},"end":{"line":108,"column":12},"skip":true},{"start":{"line":108,"column":12},"end":{"line":108,"column":12},"skip":true}]},"14":{"line":108,"type":"binary-expr","locations":[{"start":{"line":108,"column":16},"end":{"line":108,"column":61},"skip":true},{"start":{"line":108,"column":66},"end":{"line":108,"column":72},"skip":true},{"start":{"line":108,"column":77},"end":{"line":108,"column":82},"skip":true},{"start":{"line":109,"column":20},"end":{"line":109,"column":39},"skip":true},{"start":{"line":110,"column":20},"end":{"line":110,"column":49},"skip":true},{"start":{"line":111,"column":20},"end":{"line":111,"column":58},"skip":true},{"start":{"line":112,"column":20},"end":{"line":112,"column":68},"skip":true}]},"15":{"line":129,"type":"if","locations":[{"start":{"line":129,"column":16},"end":{"line":129,"column":16},"skip":true},{"start":{"line":129,"column":16},"end":{"line":129,"column":16},"skip":true}]},"16":{"line":134,"type":"cond-expr","locations":[{"start":{"line":135,"column":26},"end":{"line":135,"column":29},"skip":true},{"start":{"line":136,"column":26},"end":{"line":136,"column":54},"skip":true}]},"17":{"line":164,"type":"binary-expr","locations":[{"start":{"line":164,"column":27},"end":{"line":164,"column":43},"skip":true},{"start":{"line":164,"column":47},"end":{"line":164,"column":49},"skip":true}]},"18":{"line":258,"type":"if","locations":[{"start":{"line":258,"column":8},"end":{"line":258,"column":8},"skip":true},{"start":{"line":258,"column":8},"end":{"line":258,"column":8},"skip":true}]},"19":{"line":275,"type":"switch","locations":[{"start":{"line":276,"column":20},"end":{"line":277,"column":64},"skip":true},{"start":{"line":278,"column":20},"end":{"line":279,"column":40},"skip":true},{"start":{"line":280,"column":20},"end":{"line":281,"column":40},"skip":true},{"start":{"line":282,"column":20},"end":{"line":283,"column":39},"skip":true}]},"20":{"line":288,"type":"if","locations":[{"start":{"line":288,"column":8},"end":{"line":288,"column":8},"skip":true},{"start":{"line":288,"column":8},"end":{"line":288,"column":8},"skip":true}]},"21":{"line":288,"type":"binary-expr","locations":[{"start":{"line":288,"column":12},"end":{"line":288,"column":40},"skip":true},{"start":{"line":288,"column":44},"end":{"line":288,"column":67},"skip":true}]},"22":{"line":292,"type":"binary-expr","locations":[{"start":{"line":292,"column":12},"end":{"line":292,"column":50},"skip":true},{"start":{"line":293,"column":12},"end":{"line":293,"column":53},"skip":true}]},"23":{"line":297,"type":"binary-expr","locations":[{"start":{"line":297,"column":12},"end":{"line":297,"column":74},"skip":true},{"start":{"line":298,"column":12},"end":{"line":301,"column":36},"skip":true}]},"24":{"line":303,"type":"binary-expr","locations":[{"start":{"line":303,"column":43},"end":{"line":303,"column":75},"skip":true},{"start":{"line":303,"column":79},"end":{"line":303,"column":81},"skip":true}]},"25":{"line":306,"type":"if","locations":[{"start":{"line":306,"column":8},"end":{"line":306,"column":8},"skip":true},{"start":{"line":306,"column":8},"end":{"line":306,"column":8},"skip":true}]},"26":{"line":310,"type":"if","locations":[{"start":{"line":310,"column":8},"end":{"line":310,"column":8},"skip":true},{"start":{"line":310,"column":8},"end":{"line":310,"column":8},"skip":true}]},"27":{"line":313,"type":"binary-expr","locations":[{"start":{"line":313,"column":27},"end":{"line":313,"column":43},"skip":true},{"start":{"line":313,"column":47},"end":{"line":313,"column":53},"skip":true}]},"28":{"line":317,"type":"if","locations":[{"start":{"line":317,"column":12},"end":{"line":317,"column":12},"skip":true},{"start":{"line":317,"column":12},"end":{"line":317,"column":12},"skip":true}]}},"code":["/*","example.js","","quickstart example","","instruction","    1. save this script as example.js","    2. run the shell command:","        $ npm install npmtest-babel-preset-env && PORT=8081 node example.js","    3. play with the browser-demo on http://127.0.0.1:8081","*/","","","","/* istanbul instrument in package npmtest_babel_preset_env */","/*jslint","    bitwise: true,","    browser: true,","    maxerr: 8,","    maxlen: 96,","    node: true,","    nomen: true,","    regexp: true,","    stupid: true","*/","(function () {","    'use strict';","    var local;","","","","    // run shared js-env code - pre-init","    (function () {","        // init local","        local = {};","        // init modeJs","        local.modeJs = (function () {","            try {","                return typeof navigator.userAgent === 'string' &&","                    typeof document.querySelector('body') === 'object' &&","                    typeof XMLHttpRequest.prototype.open === 'function' &&","                    'browser';","            } catch (errorCaughtBrowser) {","                return module.exports &&","                    typeof process.versions.node === 'string' &&","                    typeof require('http').createServer === 'function' &&","                    'node';","            }","        }());","        // init global","        local.global = local.modeJs === 'browser'","            ? window","            : global;","        // init utility2_rollup","        local = local.global.utility2_rollup || (local.modeJs === 'browser'","            ? local.global.utility2_npmtest_babel_preset_env","            : global.utility2_moduleExports);","        // export local","        local.global.local = local;","    }());","    switch (local.modeJs) {","","","","    // post-init","    // run browser js-env code - post-init","    /* istanbul ignore next */","    case 'browser':","        local.testRunBrowser = function (event) {","            if (!event || (event &&","                    event.currentTarget &&","                    event.currentTarget.className &&","                    event.currentTarget.className.includes &&","                    event.currentTarget.className.includes('onreset'))) {","                // reset output","                Array.from(","                    document.querySelectorAll('body > .resettable')","                ).forEach(function (element) {","                    switch (element.tagName) {","                    case 'INPUT':","                    case 'TEXTAREA':","                        element.value = '';","                        break;","                    default:","                        element.textContent = '';","                    }","                });","            }","            switch (event && event.currentTarget && event.currentTarget.id) {","            case 'testRunButton1':","                // show tests","                if (document.querySelector('#testReportDiv1').style.display === 'none') {","                    document.querySelector('#testReportDiv1').style.display = 'block';","                    document.querySelector('#testRunButton1').textContent =","                        'hide internal test';","                    local.modeTest = true;","                    local.testRunDefault(local);","                // hide tests","                } else {","                    document.querySelector('#testReportDiv1').style.display = 'none';","                    document.querySelector('#testRunButton1').textContent = 'run internal test';","                }","                break;","            // custom-case","            default:","                break;","            }","            if (document.querySelector('#inputTextareaEval1') && (!event || (event &&","                    event.currentTarget &&","                    event.currentTarget.className &&","                    event.currentTarget.className.includes &&","                    event.currentTarget.className.includes('oneval')))) {","                // try to eval input-code","                try {","                    /*jslint evil: true*/","                    eval(document.querySelector('#inputTextareaEval1').value);","                } catch (errorCaught) {","                    console.error(errorCaught);","                }","            }","        };","        // log stderr and stdout to #outputTextareaStdout1","        ['error', 'log'].forEach(function (key) {","            console[key + '_original'] = console[key];","            console[key] = function () {","                var element;","                console[key + '_original'].apply(console, arguments);","                element = document.querySelector('#outputTextareaStdout1');","                if (!element) {","                    return;","                }","                // append text to #outputTextareaStdout1","                element.value += Array.from(arguments).map(function (arg) {","                    return typeof arg === 'string'","                        ? arg","                        : JSON.stringify(arg, null, 4);","                }).join(' ') + '\\n';","                // scroll textarea to bottom","                element.scrollTop = element.scrollHeight;","            };","        });","        // init event-handling","        ['change', 'click', 'keyup'].forEach(function (event) {","            Array.from(document.querySelectorAll('.on' + event)).forEach(function (element) {","                element.addEventListener(event, local.testRunBrowser);","            });","        });","        // run tests","        local.testRunBrowser();","        break;","","","","    // run node js-env code - post-init","    /* istanbul ignore next */","    case 'node':","        // export local","        module.exports = local;","        // require modules","        local.fs = require('fs');","        local.http = require('http');","        local.url = require('url');","        // init assets","        local.assetsDict = local.assetsDict || {};","        /* jslint-ignore-begin */","        local.assetsDict['/assets.index.template.html'] = '\\","<!doctype html>\\n\\","<html lang=\"en\">\\n\\","<head>\\n\\","<meta charset=\"UTF-8\">\\n\\","<meta name=\"viewport\" content=\"width=device-width, initial-scale=1\">\\n\\","<title>{{env.npm_package_name}} (v{{env.npm_package_version}})</title>\\n\\","<style>\\n\\","/*csslint\\n\\","    box-sizing: false,\\n\\","    universal-selector: false\\n\\","*/\\n\\","* {\\n\\","    box-sizing: border-box;\\n\\","}\\n\\","body {\\n\\","    background: #dde;\\n\\","    font-family: Arial, Helvetica, sans-serif;\\n\\","    margin: 2rem;\\n\\","}\\n\\","body > * {\\n\\","    margin-bottom: 1rem;\\n\\","}\\n\\",".utility2FooterDiv {\\n\\","    margin-top: 20px;\\n\\","    text-align: center;\\n\\","}\\n\\","</style>\\n\\","<style>\\n\\","/*csslint\\n\\","*/\\n\\","textarea {\\n\\","    font-family: monospace;\\n\\","    height: 10rem;\\n\\","    width: 100%;\\n\\","}\\n\\","textarea[readonly] {\\n\\","    background: #ddd;\\n\\","}\\n\\","</style>\\n\\","</head>\\n\\","<body>\\n\\","<!-- utility2-comment\\n\\","<div id=\"ajaxProgressDiv1\" style=\"background: #d00; height: 2px; left: 0; margin: 0; padding: 0; position: fixed; top: 0; transition: background 0.5s, width 1.5s; width: 25%;\"></div>\\n\\","utility2-comment -->\\n\\","<h1>\\n\\","<!-- utility2-comment\\n\\","    <a\\n\\","        {{#if env.npm_package_homepage}}\\n\\","        href=\"{{env.npm_package_homepage}}\"\\n\\","        {{/if env.npm_package_homepage}}\\n\\","        target=\"_blank\"\\n\\","    >\\n\\","utility2-comment -->\\n\\","        {{env.npm_package_name}} (v{{env.npm_package_version}})\\n\\","<!-- utility2-comment\\n\\","    </a>\\n\\","utility2-comment -->\\n\\","</h1>\\n\\","<h3>{{env.npm_package_description}}</h3>\\n\\","<!-- utility2-comment\\n\\","<h4><a download href=\"assets.app.js\">download standalone app</a></h4>\\n\\","<button class=\"onclick onreset\" id=\"testRunButton1\">run internal test</button><br>\\n\\","<div id=\"testReportDiv1\" style=\"display: none;\"></div>\\n\\","utility2-comment -->\\n\\","\\n\\","\\n\\","\\n\\","<label>stderr and stdout</label>\\n\\","<textarea class=\"resettable\" id=\"outputTextareaStdout1\" readonly></textarea>\\n\\","<!-- utility2-comment\\n\\","{{#if isRollup}}\\n\\","<script src=\"assets.app.js\"></script>\\n\\","{{#unless isRollup}}\\n\\","utility2-comment -->\\n\\","<script src=\"assets.utility2.rollup.js\"></script>\\n\\","<script src=\"jsonp.utility2._stateInit?callback=window.utility2._stateInit\"></script>\\n\\","<script src=\"assets.npmtest_babel_preset_env.rollup.js\"></script>\\n\\","<script src=\"assets.example.js\"></script>\\n\\","<script src=\"assets.test.js\"></script>\\n\\","<!-- utility2-comment\\n\\","{{/if isRollup}}\\n\\","utility2-comment -->\\n\\","<div class=\"utility2FooterDiv\">\\n\\","    [ this app was created with\\n\\","    <a href=\"https://github.com/kaizhu256/node-utility2\" target=\"_blank\">utility2</a>\\n\\","    ]\\n\\","</div>\\n\\","</body>\\n\\","</html>\\n\\","';","        /* jslint-ignore-end */","        if (local.templateRender) {","            local.assetsDict['/'] = local.templateRender(","                local.assetsDict['/assets.index.template.html'],","                {","                    env: local.objectSetDefault(local.env, {","                        npm_package_description: 'the greatest app in the world!',","                        npm_package_name: 'my-app',","                        npm_package_nameAlias: 'my_app',","                        npm_package_version: '0.0.1'","                    })","                }","            );","        } else {","            local.assetsDict['/'] = local.assetsDict['/assets.index.template.html']","                .replace((/\\{\\{env\\.(\\w+?)\\}\\}/g), function (match0, match1) {","                    // jslint-hack","                    String(match0);","                    switch (match1) {","                    case 'npm_package_description':","                        return 'the greatest app in the world!';","                    case 'npm_package_name':","                        return 'my-app';","                    case 'npm_package_nameAlias':","                        return 'my_app';","                    case 'npm_package_version':","                        return '0.0.1';","                    }","                });","        }","        // run the cli","        if (local.global.utility2_rollup || module !== require.main) {","            break;","        }","        local.assetsDict['/assets.example.js'] =","            local.assetsDict['/assets.example.js'] ||","            local.fs.readFileSync(__filename, 'utf8');","        // bug-workaround - long $npm_package_buildCustomOrg","        /* jslint-ignore-begin */","        local.assetsDict['/assets.npmtest_babel_preset_env.rollup.js'] =","            local.assetsDict['/assets.npmtest_babel_preset_env.rollup.js'] ||","            local.fs.readFileSync(","                local.npmtest_babel_preset_env.__dirname + '/lib.npmtest_babel_preset_env.js',","                'utf8'","            ).replace((/^#!/), '//');","        /* jslint-ignore-end */","        local.assetsDict['/favicon.ico'] = local.assetsDict['/favicon.ico'] || '';","        // if $npm_config_timeout_exit exists,","        // then exit this process after $npm_config_timeout_exit ms","        if (Number(process.env.npm_config_timeout_exit)) {","            setTimeout(process.exit, Number(process.env.npm_config_timeout_exit));","        }","        // start server","        if (local.global.utility2_serverHttp1) {","            break;","        }","        process.env.PORT = process.env.PORT || '8081';","        console.error('server starting on port ' + process.env.PORT);","        local.http.createServer(function (request, response) {","            request.urlParsed = local.url.parse(request.url);","            if (local.assetsDict[request.urlParsed.pathname] !== undefined) {","                response.end(local.assetsDict[request.urlParsed.pathname]);","                return;","            }","            response.statusCode = 404;","            response.end();","        }).listen(process.env.PORT);","        break;","    }","}());",""],"l":{"26":2,"28":2,"33":2,"35":2,"37":2,"38":2,"39":2,"44":1,"51":2,"55":2,"59":2,"61":2,"69":1,"70":2,"76":2,"79":2,"82":2,"83":2,"85":1,"89":2,"92":1,"93":1,"94":1,"96":1,"97":1,"100":1,"101":1,"103":1,"106":1,"108":2,"114":1,"116":1,"118":1,"123":1,"124":2,"125":2,"126":3,"127":3,"128":3,"129":3,"130":1,"133":3,"134":3,"139":3,"143":1,"144":3,"145":1,"149":1,"150":1,"158":1,"160":1,"161":1,"162":1,"164":1,"166":1,"258":1,"259":1,"271":1,"274":6,"275":6,"277":1,"279":2,"281":1,"283":2,"288":1,"289":1,"291":1,"296":1,"303":1,"306":1,"307":1,"310":1,"311":1,"313":1,"314":1,"315":1,"316":1,"317":1,"318":1,"319":1,"321":1,"322":1,"324":1}},"/home/travis/build/npmtest/node-npmtest-babel-preset-env/node_modules/babel-preset-env/lib/index.js":{"path":"/home/travis/build/npmtest/node-npmtest-babel-preset-env/node_modules/babel-preset-env/lib/index.js","s":{"1":1,"2":1,"3":1,"4":1,"5":1,"6":1,"7":1,"8":1,"9":1,"10":1,"11":1,"12":1,"13":1,"14":1,"15":1,"16":1,"17":1,"18":6,"19":1,"20":0,"21":0,"22":0,"23":0,"24":0,"25":0,"26":0,"27":0,"28":0,"29":0,"30":0,"31":0,"32":0,"33":0,"34":1,"35":0,"36":1,"37":1,"38":0,"39":0,"40":0,"41":0,"42":0,"43":0,"44":0,"45":1,"46":0,"47":0,"48":0,"49":0,"50":1,"51":0,"52":1,"53":0,"54":0,"55":0,"56":0,"57":0,"58":0,"59":1,"60":0,"61":0,"62":0,"63":0,"64":0,"65":0,"66":0,"67":0,"68":0,"69":0,"70":0,"71":0,"72":0,"73":1,"74":1,"75":0,"76":0,"77":0,"78":0,"79":0,"80":0,"81":0,"82":1,"83":0,"84":0,"85":0,"86":0,"87":0,"88":0,"89":1,"90":0,"91":0,"92":0,"93":0,"94":1,"95":0,"96":0,"97":0,"98":1,"99":0,"100":0,"101":0,"102":0,"103":0,"104":1,"105":0,"106":0,"107":0,"108":0,"109":0,"110":0,"111":0,"112":0,"113":0,"114":0,"115":0,"116":0,"117":0,"118":0,"119":0,"120":0,"121":0,"122":0,"123":0,"124":0,"125":0,"126":0,"127":0,"128":0,"129":0,"130":0,"131":0,"132":0,"133":0,"134":0,"135":0,"136":0,"137":0,"138":0,"139":0},"b":{"1":[3,3],"2":[6,6],"3":[0,0],"4":[0,0],"5":[0,0],"6":[0,0],"7":[0,0],"8":[0,0],"9":[0,0],"10":[0,0],"11":[0,0],"12":[0,0],"13":[1,0],"14":[0,0],"15":[0,0],"16":[0,0],"17":[0,0],"18":[0,0],"19":[0,0],"20":[0,0],"21":[0,0],"22":[0,0],"23":[0,0],"24":[0,0],"25":[0,0],"26":[0,0],"27":[0,0],"28":[0,0],"29":[0,0],"30":[0,0],"31":[0,0],"32":[0,0],"33":[0,0],"34":[0,0],"35":[0,0],"36":[0,0],"37":[0,0],"38":[0,0],"39":[0,0],"40":[0,0]},"f":{"1":6,"2":0,"3":0,"4":0,"5":0,"6":0,"7":0,"8":0,"9":0,"10":0,"11":0,"12":0,"13":0,"14":0,"15":0,"16":0,"17":0,"18":0,"19":0,"20":0,"21":0,"22":0,"23":0,"24":0},"fnMap":{"1":{"name":"_interopRequireDefault","line":33,"loc":{"start":{"line":33,"column":0},"end":{"line":33,"column":37}}},"2":{"name":"isPluginRequired","line":43,"loc":{"start":{"line":43,"column":50},"end":{"line":43,"column":107}}},"3":{"name":"(anonymous_3)","line":54,"loc":{"start":{"line":54,"column":60},"end":{"line":54,"column":83}}},"4":{"name":"isBrowsersQueryValid","line":73,"loc":{"start":{"line":73,"column":27},"end":{"line":73,"column":67}}},"5":{"name":"getLowestVersions","line":87,"loc":{"start":{"line":87,"column":24},"end":{"line":87,"column":61}}},"6":{"name":"(anonymous_6)","line":88,"loc":{"start":{"line":88,"column":25},"end":{"line":88,"column":49}}},"7":{"name":"mergeBrowsers","line":102,"loc":{"start":{"line":102,"column":20},"end":{"line":102,"column":66}}},"8":{"name":"(anonymous_8)","line":103,"loc":{"start":{"line":103,"column":40},"end":{"line":103,"column":69}}},"9":{"name":"getCurrentNodeVersion","line":111,"loc":{"start":{"line":111,"column":60},"end":{"line":111,"column":93}}},"10":{"name":"(anonymous_10)","line":115,"loc":{"start":{"line":115,"column":32},"end":{"line":115,"column":50}}},"11":{"name":"getTargets","line":127,"loc":{"start":{"line":127,"column":38},"end":{"line":127,"column":60}}},"12":{"name":"logPlugin","line":154,"loc":{"start":{"line":154,"column":16},"end":{"line":154,"column":58}}},"13":{"name":"(anonymous_13)","line":156,"loc":{"start":{"line":156,"column":49},"end":{"line":156,"column":65}}},"14":{"name":"filterItem","line":166,"loc":{"start":{"line":166,"column":17},"end":{"line":166,"column":70}}},"15":{"name":"getBuiltInTargets","line":175,"loc":{"start":{"line":175,"column":24},"end":{"line":175,"column":60}}},"16":{"name":"transformIncludesAndExcludes","line":183,"loc":{"start":{"line":183,"column":74},"end":{"line":183,"column":118}}},"17":{"name":"(anonymous_17)","line":186,"loc":{"start":{"line":186,"column":25},"end":{"line":186,"column":40}}},"18":{"name":"(anonymous_18)","line":189,"loc":{"start":{"line":189,"column":26},"end":{"line":189,"column":41}}},"19":{"name":"getPlatformSpecificDefaultFor","line":195,"loc":{"start":{"line":195,"column":0},"end":{"line":195,"column":48}}},"20":{"name":"(anonymous_20)","line":198,"loc":{"start":{"line":198,"column":37},"end":{"line":198,"column":53}}},"21":{"name":"buildPreset","line":205,"loc":{"start":{"line":205,"column":0},"end":{"line":205,"column":30}}},"22":{"name":"(anonymous_22)","line":238,"loc":{"start":{"line":238,"column":28},"end":{"line":238,"column":49}}},"23":{"name":"(anonymous_23)","line":243,"loc":{"start":{"line":243,"column":24},"end":{"line":243,"column":44}}},"24":{"name":"(anonymous_24)","line":257,"loc":{"start":{"line":257,"column":50},"end":{"line":257,"column":72}}}},"statementMap":{"1":{"start":{"line":3,"column":0},"end":{"line":3,"column":26}},"2":{"start":{"line":4,"column":0},"end":{"line":4,"column":129}},"3":{"start":{"line":5,"column":0},"end":{"line":5,"column":30}},"4":{"start":{"line":7,"column":0},"end":{"line":7,"column":44}},"5":{"start":{"line":9,"column":0},"end":{"line":9,"column":59}},"6":{"start":{"line":11,"column":0},"end":{"line":11,"column":50}},"7":{"start":{"line":13,"column":0},"end":{"line":13,"column":51}},"8":{"start":{"line":15,"column":0},"end":{"line":15,"column":53}},"9":{"start":{"line":17,"column":0},"end":{"line":17,"column":65}},"10":{"start":{"line":19,"column":0},"end":{"line":19,"column":77}},"11":{"start":{"line":21,"column":0},"end":{"line":21,"column":58}},"12":{"start":{"line":23,"column":0},"end":{"line":23,"column":67}},"13":{"start":{"line":25,"column":0},"end":{"line":25,"column":47}},"14":{"start":{"line":27,"column":0},"end":{"line":27,"column":49}},"15":{"start":{"line":29,"column":0},"end":{"line":29,"column":85}},"16":{"start":{"line":31,"column":0},"end":{"line":31,"column":95}},"17":{"start":{"line":33,"column":0},"end":{"line":33,"column":95}},"18":{"start":{"line":33,"column":39},"end":{"line":33,"column":93}},"19":{"start":{"line":43,"column":0},"end":{"line":71,"column":2}},"20":{"start":{"line":44,"column":2},"end":{"line":46,"column":3}},"21":{"start":{"line":45,"column":4},"end":{"line":45,"column":62}},"22":{"start":{"line":48,"column":2},"end":{"line":48,"column":62}},"23":{"start":{"line":50,"column":2},"end":{"line":52,"column":3}},"24":{"start":{"line":51,"column":4},"end":{"line":51,"column":16}},"25":{"start":{"line":54,"column":2},"end":{"line":68,"column":5}},"26":{"start":{"line":56,"column":4},"end":{"line":58,"column":5}},"27":{"start":{"line":57,"column":6},"end":{"line":57,"column":18}},"28":{"start":{"line":60,"column":4},"end":{"line":60,"column":55}},"29":{"start":{"line":61,"column":4},"end":{"line":61,"column":67}},"30":{"start":{"line":63,"column":4},"end":{"line":65,"column":5}},"31":{"start":{"line":64,"column":6},"end":{"line":64,"column":137}},"32":{"start":{"line":67,"column":4},"end":{"line":67,"column":60}},"33":{"start":{"line":70,"column":2},"end":{"line":70,"column":61}},"34":{"start":{"line":73,"column":0},"end":{"line":75,"column":2}},"35":{"start":{"line":74,"column":2},"end":{"line":74,"column":65}},"36":{"start":{"line":77,"column":0},"end":{"line":85,"column":2}},"37":{"start":{"line":87,"column":0},"end":{"line":100,"column":2}},"38":{"start":{"line":88,"column":2},"end":{"line":99,"column":9}},"39":{"start":{"line":89,"column":4},"end":{"line":91,"column":43}},"40":{"start":{"line":93,"column":4},"end":{"line":93,"column":60}},"41":{"start":{"line":94,"column":4},"end":{"line":94,"column":56}},"42":{"start":{"line":95,"column":4},"end":{"line":97,"column":5}},"43":{"start":{"line":96,"column":6},"end":{"line":96,"column":106}},"44":{"start":{"line":98,"column":4},"end":{"line":98,"column":15}},"45":{"start":{"line":102,"column":0},"end":{"line":109,"column":2}},"46":{"start":{"line":103,"column":2},"end":{"line":108,"column":16}},"47":{"start":{"line":104,"column":4},"end":{"line":106,"column":5}},"48":{"start":{"line":105,"column":6},"end":{"line":105,"column":46}},"49":{"start":{"line":107,"column":4},"end":{"line":107,"column":20}},"50":{"start":{"line":111,"column":0},"end":{"line":113,"column":2}},"51":{"start":{"line":112,"column":2},"end":{"line":112,"column":43}},"52":{"start":{"line":115,"column":0},"end":{"line":125,"column":2}},"53":{"start":{"line":116,"column":2},"end":{"line":123,"column":3}},"54":{"start":{"line":117,"column":4},"end":{"line":117,"column":30}},"55":{"start":{"line":118,"column":4},"end":{"line":122,"column":5}},"56":{"start":{"line":119,"column":6},"end":{"line":121,"column":7}},"57":{"start":{"line":120,"column":8},"end":{"line":120,"column":34}},"58":{"start":{"line":124,"column":2},"end":{"line":124,"column":16}},"59":{"start":{"line":127,"column":0},"end":{"line":150,"column":2}},"60":{"start":{"line":128,"column":2},"end":{"line":128,"column":87}},"61":{"start":{"line":130,"column":2},"end":{"line":130,"column":41}},"62":{"start":{"line":132,"column":2},"end":{"line":134,"column":3}},"63":{"start":{"line":133,"column":4},"end":{"line":133,"column":46}},"64":{"start":{"line":136,"column":2},"end":{"line":138,"column":3}},"65":{"start":{"line":137,"column":4},"end":{"line":137,"column":58}},"66":{"start":{"line":140,"column":2},"end":{"line":142,"column":3}},"67":{"start":{"line":141,"column":4},"end":{"line":141,"column":29}},"68":{"start":{"line":144,"column":2},"end":{"line":144,"column":40}},"69":{"start":{"line":145,"column":2},"end":{"line":148,"column":3}},"70":{"start":{"line":146,"column":4},"end":{"line":146,"column":84}},"71":{"start":{"line":147,"column":4},"end":{"line":147,"column":52}},"72":{"start":{"line":149,"column":2},"end":{"line":149,"column":20}},"73":{"start":{"line":152,"column":0},"end":{"line":152,"column":26}},"74":{"start":{"line":154,"column":0},"end":{"line":164,"column":2}},"75":{"start":{"line":155,"column":2},"end":{"line":155,"column":35}},"76":{"start":{"line":156,"column":2},"end":{"line":161,"column":9}},"77":{"start":{"line":157,"column":4},"end":{"line":159,"column":5}},"78":{"start":{"line":158,"column":6},"end":{"line":158,"column":24}},"79":{"start":{"line":160,"column":4},"end":{"line":160,"column":13}},"80":{"start":{"line":162,"column":2},"end":{"line":162,"column":66}},"81":{"start":{"line":163,"column":2},"end":{"line":163,"column":22}},"82":{"start":{"line":166,"column":0},"end":{"line":173,"column":2}},"83":{"start":{"line":167,"column":2},"end":{"line":167,"column":73}},"84":{"start":{"line":168,"column":2},"end":{"line":168,"column":52}},"85":{"start":{"line":170,"column":2},"end":{"line":170,"column":36}},"86":{"start":{"line":170,"column":17},"end":{"line":170,"column":36}},"87":{"start":{"line":171,"column":2},"end":{"line":171,"column":57}},"88":{"start":{"line":172,"column":2},"end":{"line":172,"column":35}},"89":{"start":{"line":175,"column":0},"end":{"line":181,"column":2}},"90":{"start":{"line":176,"column":2},"end":{"line":176,"column":45}},"91":{"start":{"line":177,"column":2},"end":{"line":179,"column":3}},"92":{"start":{"line":178,"column":4},"end":{"line":178,"column":33}},"93":{"start":{"line":180,"column":2},"end":{"line":180,"column":24}},"94":{"start":{"line":183,"column":0},"end":{"line":193,"column":2}},"95":{"start":{"line":184,"column":2},"end":{"line":192,"column":4}},"96":{"start":{"line":187,"column":6},"end":{"line":187,"column":42}},"97":{"start":{"line":190,"column":6},"end":{"line":190,"column":41}},"98":{"start":{"line":195,"column":0},"end":{"line":203,"column":1}},"99":{"start":{"line":196,"column":2},"end":{"line":196,"column":41}},"100":{"start":{"line":197,"column":2},"end":{"line":197,"column":40}},"101":{"start":{"line":198,"column":2},"end":{"line":200,"column":5}},"102":{"start":{"line":199,"column":4},"end":{"line":199,"column":27}},"103":{"start":{"line":202,"column":2},"end":{"line":202,"column":79}},"104":{"start":{"line":205,"column":0},"end":{"line":266,"column":1}},"105":{"start":{"line":206,"column":2},"end":{"line":206,"column":84}},"106":{"start":{"line":208,"column":2},"end":{"line":208,"column":63}},"107":{"start":{"line":209,"column":2},"end":{"line":213,"column":49}},"108":{"start":{"line":216,"column":2},"end":{"line":216,"column":53}},"109":{"start":{"line":217,"column":2},"end":{"line":217,"column":71}},"110":{"start":{"line":218,"column":2},"end":{"line":218,"column":71}},"111":{"start":{"line":220,"column":2},"end":{"line":220,"column":89}},"112":{"start":{"line":221,"column":2},"end":{"line":221,"column":101}},"113":{"start":{"line":223,"column":2},"end":{"line":223,"column":25}},"114":{"start":{"line":224,"column":2},"end":{"line":224,"column":31}},"115":{"start":{"line":225,"column":2},"end":{"line":229,"column":3}},"116":{"start":{"line":226,"column":4},"end":{"line":226,"column":49}},"117":{"start":{"line":227,"column":4},"end":{"line":227,"column":102}},"118":{"start":{"line":228,"column":4},"end":{"line":228,"column":151}},"119":{"start":{"line":231,"column":2},"end":{"line":247,"column":3}},"120":{"start":{"line":232,"column":4},"end":{"line":232,"column":25}},"121":{"start":{"line":233,"column":4},"end":{"line":233,"column":52}},"122":{"start":{"line":234,"column":4},"end":{"line":234,"column":36}},"123":{"start":{"line":235,"column":4},"end":{"line":235,"column":50}},"124":{"start":{"line":236,"column":4},"end":{"line":236,"column":54}},"125":{"start":{"line":237,"column":4},"end":{"line":237,"column":36}},"126":{"start":{"line":238,"column":4},"end":{"line":240,"column":7}},"127":{"start":{"line":239,"column":6},"end":{"line":239,"column":55}},"128":{"start":{"line":241,"column":4},"end":{"line":246,"column":5}},"129":{"start":{"line":242,"column":6},"end":{"line":242,"column":40}},"130":{"start":{"line":243,"column":6},"end":{"line":245,"column":9}},"131":{"start":{"line":244,"column":8},"end":{"line":244,"column":65}},"132":{"start":{"line":249,"column":2},"end":{"line":249,"column":74}},"133":{"start":{"line":250,"column":2},"end":{"line":250,"column":89}},"134":{"start":{"line":251,"column":2},"end":{"line":251,"column":19}},"135":{"start":{"line":255,"column":2},"end":{"line":255,"column":92}},"136":{"start":{"line":257,"column":2},"end":{"line":259,"column":6}},"137":{"start":{"line":258,"column":4},"end":{"line":258,"column":81}},"138":{"start":{"line":261,"column":2},"end":{"line":261,"column":126}},"139":{"start":{"line":263,"column":2},"end":{"line":265,"column":4}}},"branchMap":{"1":{"line":33,"type":"cond-expr","locations":[{"start":{"line":33,"column":70},"end":{"line":33,"column":73}},{"start":{"line":33,"column":76},"end":{"line":33,"column":92}}]},"2":{"line":33,"type":"binary-expr","locations":[{"start":{"line":33,"column":46},"end":{"line":33,"column":49}},{"start":{"line":33,"column":53},"end":{"line":33,"column":67}}]},"3":{"line":44,"type":"if","locations":[{"start":{"line":44,"column":2},"end":{"line":44,"column":2}},{"start":{"line":44,"column":2},"end":{"line":44,"column":2}}]},"4":{"line":50,"type":"if","locations":[{"start":{"line":50,"column":2},"end":{"line":50,"column":2}},{"start":{"line":50,"column":2},"end":{"line":50,"column":2}}]},"5":{"line":56,"type":"if","locations":[{"start":{"line":56,"column":4},"end":{"line":56,"column":4}},{"start":{"line":56,"column":4},"end":{"line":56,"column":4}}]},"6":{"line":63,"type":"if","locations":[{"start":{"line":63,"column":4},"end":{"line":63,"column":4}},{"start":{"line":63,"column":4},"end":{"line":63,"column":4}}]},"7":{"line":70,"type":"cond-expr","locations":[{"start":{"line":70,"column":48},"end":{"line":70,"column":52}},{"start":{"line":70,"column":55},"end":{"line":70,"column":60}}]},"8":{"line":74,"type":"binary-expr","locations":[{"start":{"line":74,"column":9},"end":{"line":74,"column":37}},{"start":{"line":74,"column":41},"end":{"line":74,"column":64}}]},"9":{"line":95,"type":"if","locations":[{"start":{"line":95,"column":4},"end":{"line":95,"column":4}},{"start":{"line":95,"column":4},"end":{"line":95,"column":4}}]},"10":{"line":95,"type":"binary-expr","locations":[{"start":{"line":95,"column":8},"end":{"line":95,"column":29}},{"start":{"line":95,"column":33},"end":{"line":95,"column":61}}]},"11":{"line":96,"type":"binary-expr","locations":[{"start":{"line":96,"column":44},"end":{"line":96,"column":70}},{"start":{"line":96,"column":74},"end":{"line":96,"column":82}}]},"12":{"line":104,"type":"if","locations":[{"start":{"line":104,"column":4},"end":{"line":104,"column":4}},{"start":{"line":104,"column":4},"end":{"line":104,"column":4}}]},"13":{"line":115,"type":"binary-expr","locations":[{"start":{"line":115,"column":15},"end":{"line":115,"column":28}},{"start":{"line":115,"column":32},"end":{"line":125,"column":1}}]},"14":{"line":119,"type":"if","locations":[{"start":{"line":119,"column":6},"end":{"line":119,"column":6}},{"start":{"line":119,"column":6},"end":{"line":119,"column":6}}]},"15":{"line":128,"type":"cond-expr","locations":[{"start":{"line":128,"column":69},"end":{"line":128,"column":81}},{"start":{"line":128,"column":84},"end":{"line":128,"column":86}}]},"16":{"line":128,"type":"binary-expr","locations":[{"start":{"line":128,"column":16},"end":{"line":128,"column":36}},{"start":{"line":128,"column":40},"end":{"line":128,"column":66}}]},"17":{"line":132,"type":"if","locations":[{"start":{"line":132,"column":2},"end":{"line":132,"column":2}},{"start":{"line":132,"column":2},"end":{"line":132,"column":2}}]},"18":{"line":132,"type":"binary-expr","locations":[{"start":{"line":132,"column":6},"end":{"line":132,"column":30}},{"start":{"line":132,"column":34},"end":{"line":132,"column":63}}]},"19":{"line":136,"type":"if","locations":[{"start":{"line":136,"column":2},"end":{"line":136,"column":2}},{"start":{"line":136,"column":2},"end":{"line":136,"column":2}}]},"20":{"line":140,"type":"if","locations":[{"start":{"line":140,"column":2},"end":{"line":140,"column":2}},{"start":{"line":140,"column":2},"end":{"line":140,"column":2}}]},"21":{"line":140,"type":"binary-expr","locations":[{"start":{"line":140,"column":6},"end":{"line":140,"column":41}},{"start":{"line":140,"column":45},"end":{"line":140,"column":63}}]},"22":{"line":145,"type":"if","locations":[{"start":{"line":145,"column":2},"end":{"line":145,"column":2}},{"start":{"line":145,"column":2},"end":{"line":145,"column":2}}]},"23":{"line":155,"type":"binary-expr","locations":[{"start":{"line":155,"column":16},"end":{"line":155,"column":28}},{"start":{"line":155,"column":32},"end":{"line":155,"column":34}}]},"24":{"line":157,"type":"if","locations":[{"start":{"line":157,"column":4},"end":{"line":157,"column":4}},{"start":{"line":157,"column":4},"end":{"line":157,"column":4}}]},"25":{"line":157,"type":"binary-expr","locations":[{"start":{"line":157,"column":8},"end":{"line":157,"column":19}},{"start":{"line":157,"column":23},"end":{"line":157,"column":46}}]},"26":{"line":170,"type":"if","locations":[{"start":{"line":170,"column":2},"end":{"line":170,"column":2}},{"start":{"line":170,"column":2},"end":{"line":170,"column":2}}]},"27":{"line":172,"type":"binary-expr","locations":[{"start":{"line":172,"column":9},"end":{"line":172,"column":19}},{"start":{"line":172,"column":23},"end":{"line":172,"column":34}}]},"28":{"line":177,"type":"if","locations":[{"start":{"line":177,"column":2},"end":{"line":177,"column":2}},{"start":{"line":177,"column":2},"end":{"line":177,"column":2}}]},"29":{"line":202,"type":"cond-expr","locations":[{"start":{"line":202,"column":38},"end":{"line":202,"column":73}},{"start":{"line":202,"column":76},"end":{"line":202,"column":78}}]},"30":{"line":202,"type":"binary-expr","locations":[{"start":{"line":202,"column":9},"end":{"line":202,"column":20}},{"start":{"line":202,"column":24},"end":{"line":202,"column":35}}]},"31":{"line":206,"type":"cond-expr","locations":[{"start":{"line":206,"column":66},"end":{"line":206,"column":78}},{"start":{"line":206,"column":81},"end":{"line":206,"column":83}}]},"32":{"line":206,"type":"binary-expr","locations":[{"start":{"line":206,"column":13},"end":{"line":206,"column":33}},{"start":{"line":206,"column":37},"end":{"line":206,"column":63}}]},"33":{"line":225,"type":"if","locations":[{"start":{"line":225,"column":2},"end":{"line":225,"column":2}},{"start":{"line":225,"column":2},"end":{"line":225,"column":2}}]},"34":{"line":231,"type":"if","locations":[{"start":{"line":231,"column":2},"end":{"line":231,"column":2}},{"start":{"line":231,"column":2},"end":{"line":231,"column":2}}]},"35":{"line":231,"type":"binary-expr","locations":[{"start":{"line":231,"column":6},"end":{"line":231,"column":11}},{"start":{"line":231,"column":15},"end":{"line":231,"column":29}}]},"36":{"line":241,"type":"if","locations":[{"start":{"line":241,"column":4},"end":{"line":241,"column":4}},{"start":{"line":241,"column":4},"end":{"line":241,"column":4}}]},"37":{"line":241,"type":"binary-expr","locations":[{"start":{"line":241,"column":8},"end":{"line":241,"column":19}},{"start":{"line":241,"column":23},"end":{"line":241,"column":39}}]},"38":{"line":250,"type":"binary-expr","locations":[{"start":{"line":250,"column":21},"end":{"line":250,"column":41}},{"start":{"line":250,"column":45},"end":{"line":250,"column":88}}]},"39":{"line":255,"type":"binary-expr","locations":[{"start":{"line":255,"column":2},"end":{"line":255,"column":14}},{"start":{"line":255,"column":18},"end":{"line":255,"column":91}}]},"40":{"line":261,"type":"binary-expr","locations":[{"start":{"line":261,"column":2},"end":{"line":261,"column":13}},{"start":{"line":261,"column":17},"end":{"line":261,"column":125}}]}},"code":["\"use strict\";","","exports.__esModule = true;","exports.transformIncludesAndExcludes = exports.getTargets = exports.getCurrentNodeVersion = exports.isPluginRequired = undefined;","exports.default = buildPreset;","","var _browserslist = require(\"browserslist\");","","var _browserslist2 = _interopRequireDefault(_browserslist);","","var _builtIns = require(\"../data/built-ins.json\");","","var _builtIns2 = _interopRequireDefault(_builtIns);","","var _defaultIncludes = require(\"./default-includes\");","","var _moduleTransformations = require(\"./module-transformations\");","","var _moduleTransformations2 = _interopRequireDefault(_moduleTransformations);","","var _normalizeOptions = require(\"./normalize-options.js\");","","var _normalizeOptions2 = _interopRequireDefault(_normalizeOptions);","","var _plugins = require(\"../data/plugins.json\");","","var _plugins2 = _interopRequireDefault(_plugins);","","var _transformPolyfillRequirePlugin = require(\"./transform-polyfill-require-plugin\");","","var _transformPolyfillRequirePlugin2 = _interopRequireDefault(_transformPolyfillRequirePlugin);","","function _interopRequireDefault(obj) { return obj && obj.__esModule ? obj : { default: obj }; }","","/**"," * Determine if a transformation is required"," * @param  {Object}  supportedEnvironments  An Object containing environment keys and the lowest"," *                                          supported version as a value"," * @param  {Object}  plugin                 An Object containing environment keys and the lowest"," *                                          version the feature was implemented in as a value"," * @return {Boolean}  Whether or not the transformation is required"," */","var isPluginRequired = exports.isPluginRequired = function isPluginRequired(supportedEnvironments, plugin) {","  if (supportedEnvironments.browsers) {","    supportedEnvironments = getTargets(supportedEnvironments);","  }","","  var targetEnvironments = Object.keys(supportedEnvironments);","","  if (targetEnvironments.length === 0) {","    return true;","  }","","  var isRequiredForEnvironments = targetEnvironments.filter(function (environment) {","    // Feature is not implemented in that environment","    if (!plugin[environment]) {","      return true;","    }","","    var lowestImplementedVersion = plugin[environment];","    var lowestTargetedVersion = supportedEnvironments[environment];","","    if (typeof lowestTargetedVersion === \"string\") {","      throw new Error(\"Target version must be a number,\\n          '\" + lowestTargetedVersion + \"' was given for '\" + environment + \"'\");","    }","","    return lowestTargetedVersion < lowestImplementedVersion;","  });","","  return isRequiredForEnvironments.length > 0 ? true : false;","};","","var isBrowsersQueryValid = function isBrowsersQueryValid(browsers) {","  return typeof browsers === \"string\" || Array.isArray(browsers);","};","","var browserNameMap = {","  android: \"android\",","  chrome: \"chrome\",","  edge: \"edge\",","  firefox: \"firefox\",","  ie: \"ie\",","  ios_saf: \"ios\",","  safari: \"safari\"","};","","var getLowestVersions = function getLowestVersions(browsers) {","  return browsers.reduce(function (all, browser) {","    var _browser$split = browser.split(\" \"),","        browserName = _browser$split[0],","        browserVersion = _browser$split[1];","","    var normalizedBrowserName = browserNameMap[browserName];","    var parsedBrowserVersion = parseInt(browserVersion);","    if (normalizedBrowserName && !isNaN(parsedBrowserVersion)) {","      all[normalizedBrowserName] = Math.min(all[normalizedBrowserName] || Infinity, parsedBrowserVersion);","    }","    return all;","  }, {});","};","","var mergeBrowsers = function mergeBrowsers(fromQuery, fromTarget) {","  return Object.keys(fromTarget).reduce(function (queryObj, targKey) {","    if (targKey !== \"browsers\") {","      queryObj[targKey] = fromTarget[targKey];","    }","    return queryObj;","  }, fromQuery);","};","","var getCurrentNodeVersion = exports.getCurrentNodeVersion = function getCurrentNodeVersion() {","  return parseFloat(process.versions.node);","};","","var _extends = Object.assign || function (target) {","  for (var i = 1; i < arguments.length; i++) {","    var source = arguments[i];","    for (var key in source) {","      if (Object.prototype.hasOwnProperty.call(source, key)) {","        target[key] = source[key];","      }","    }","  }","  return target;","};","","var getTargets = exports.getTargets = function getTargets() {","  var targets = arguments.length > 0 && arguments[0] !== undefined ? arguments[0] : {};","","  var targetOpts = _extends({}, targets);","","  if (targetOpts.node === true || targetOpts.node === \"current\") {","    targetOpts.node = getCurrentNodeVersion();","  }","","  if (typeof targetOpts.electron === \"string\") {","    targetOpts.electron = parseFloat(targetOpts.electron);","  }","","  if (targetOpts.hasOwnProperty(\"uglify\") && !targetOpts.uglify) {","    delete targetOpts.uglify;","  }","","  var browserOpts = targetOpts.browsers;","  if (isBrowsersQueryValid(browserOpts)) {","    var queryBrowsers = getLowestVersions((0, _browserslist2.default)(browserOpts));","    return mergeBrowsers(queryBrowsers, targetOpts);","  }","  return targetOpts;","};","","var hasBeenLogged = false;","","var logPlugin = function logPlugin(plugin, targets, list) {","  var envList = list[plugin] || {};","  var filteredList = Object.keys(targets).reduce(function (a, b) {","    if (!envList[b] || targets[b] < envList[b]) {","      a[b] = targets[b];","    }","    return a;","  }, {});","  var logStr = \"  \" + plugin + \" \" + JSON.stringify(filteredList);","  console.log(logStr);","};","","var filterItem = function filterItem(targets, exclusions, list, item) {","  var isDefault = _defaultIncludes.defaultWebIncludes.indexOf(item) >= 0;","  var notExcluded = exclusions.indexOf(item) === -1;","","  if (isDefault) return notExcluded;","  var isRequired = isPluginRequired(targets, list[item]);","  return isRequired && notExcluded;","};","","var getBuiltInTargets = function getBuiltInTargets(targets) {","  var builtInTargets = _extends({}, targets);","  if (builtInTargets.uglify != null) {","    delete builtInTargets.uglify;","  }","  return builtInTargets;","};","","var transformIncludesAndExcludes = exports.transformIncludesAndExcludes = function transformIncludesAndExcludes(opts) {","  return {","    all: opts,","    plugins: opts.filter(function (opt) {","      return !opt.match(/^(es\\d+|web)\\./);","    }),","    builtIns: opts.filter(function (opt) {","      return opt.match(/^(es\\d+|web)\\./);","    })","  };","};","","function getPlatformSpecificDefaultFor(targets) {","  var targetNames = Object.keys(targets);","  var isAnyTarget = !targetNames.length;","  var isWebTarget = targetNames.some(function (name) {","    return name !== \"node\";","  });","","  return isAnyTarget || isWebTarget ? _defaultIncludes.defaultWebIncludes : [];","}","","function buildPreset(context) {","  var opts = arguments.length > 1 && arguments[1] !== undefined ? arguments[1] : {};","","  var validatedOptions = (0, _normalizeOptions2.default)(opts);","  var debug = validatedOptions.debug,","      loose = validatedOptions.loose,","      moduleType = validatedOptions.moduleType,","      spec = validatedOptions.spec,","      useBuiltIns = validatedOptions.useBuiltIns;","","","  var targets = getTargets(validatedOptions.targets);","  var include = transformIncludesAndExcludes(validatedOptions.include);","  var exclude = transformIncludesAndExcludes(validatedOptions.exclude);","","  var filterPlugins = filterItem.bind(null, targets, exclude.plugins, _plugins2.default);","  var transformations = Object.keys(_plugins2.default).filter(filterPlugins).concat(include.plugins);","","  var polyfills = void 0;","  var polyfillTargets = void 0;","  if (useBuiltIns) {","    polyfillTargets = getBuiltInTargets(targets);","    var filterBuiltIns = filterItem.bind(null, polyfillTargets, exclude.builtIns, _builtIns2.default);","    polyfills = Object.keys(_builtIns2.default).concat(getPlatformSpecificDefaultFor(polyfillTargets)).filter(filterBuiltIns).concat(include.builtIns);","  }","","  if (debug && !hasBeenLogged) {","    hasBeenLogged = true;","    console.log(\"babel-preset-env: `DEBUG` option\");","    console.log(\"\\nUsing targets:\");","    console.log(JSON.stringify(targets, null, 2));","    console
[...]
ome/travis/build/npmtest/node-npmtest-babel-preset-env/node_modules/babel-preset-env/lib/transform-polyfill-require-plugin.js","s":{"1":1,"2":1,"3":0,"4":1,"5":0,"6":0,"7":0,"8":1,"9":0,"10":1,"11":0,"12":1,"13":0,"14":0,"15":0,"16":0,"17":0,"18":1,"19":0,"20":0,"21":0,"22":0,"23":0,"24":0,"25":0,"26":0,"27":0,"28":0,"29":0,"30":0,"31":0,"32":0,"33":0,"34":0,"35":0,"36":0,"37":0,"38":0,"39":0,"40":0,"41":0,"42":1,"43":0},"b":{"1":[0,0,0,0,0,0,0],"2":[0,0],"3":[0,0],"4":[0,0],"5":[0,0],"6":[0,0],"7":[0,0],"8":[0,0],"9":[0,0],"10":[0,0],"11":[0,0]},"f":{"1":0,"2":0,"3":0,"4":0,"5":0,"6":0,"7":0,"8":0,"9":0,"10":0,"11":0,"12":0,"13":0},"fnMap":{"1":{"name":"(anonymous_1)","line":5,"loc":{"start":{"line":5,"column":18},"end":{"line":5,"column":34}}},"2":{"name":"createImportDeclaration","line":8,"loc":{"start":{"line":8,"column":2},"end":{"line":8,"column":45}}},"3":{"name":"createRequireStatement","line":14,"loc":{"start":{"line":14,"column":2},"end":{"line":14,"column":44}}},"4":{"name":"isRequire","line":18,"loc":{"start":{"line":18,"column":2},"end":{"line":18,"column":27}}},"5":{"name":"createImport","line":22,"loc":{"start":{"line":22,"column":2},"end":{"line":22,"column":53}}},"6":{"name":"createImports","line":34,"loc":{"start":{"line":34,"column":2},"end":{"line":34,"column":62}}},"7":{"name":"(anonymous_7)","line":35,"loc":{"start":{"line":35,"column":35},"end":{"line":35,"column":57}}},"8":{"name":"(anonymous_8)","line":37,"loc":{"start":{"line":37,"column":11},"end":{"line":37,"column":31}}},"9":{"name":"ImportDeclaration","line":45,"loc":{"start":{"line":45,"column":23},"end":{"line":45,"column":63}}},"10":{"name":"Program","line":56,"loc":{"start":{"line":56,"column":13},"end":{"line":56,"column":43}}},"11":{"name":"(anonymous_11)","line":62,"loc":{"start":{"line":62,"column":31},"end":{"line":62,"column":51}}},"12":{"name":"pre","line":79,"loc":{"start":{"line":79,"column":9},"end":{"line":79,"column":24}}},"13":{"name":"isPolyfillSource","line":85,"loc":{"start":{"line":85,"column":0},"end":{"line":85,"column":33}}}},"statementMap":{"1":{"start":{"line":3,"column":0},"end":{"line":3,"column":26}},"2":{"start":{"line":5,"column":0},"end":{"line":83,"column":2}},"3":{"start":{"line":6,"column":2},"end":{"line":6,"column":21}},"4":{"start":{"line":8,"column":2},"end":{"line":12,"column":3}},"5":{"start":{"line":9,"column":4},"end":{"line":9,"column":68}},"6":{"start":{"line":10,"column":4},"end":{"line":10,"column":27}},"7":{"start":{"line":11,"column":4},"end":{"line":11,"column":18}},"8":{"start":{"line":14,"column":2},"end":{"line":16,"column":3}},"9":{"start":{"line":15,"column":4},"end":{"line":15,"column":105}},"10":{"start":{"line":18,"column":2},"end":{"line":20,"column":3}},"11":{"start":{"line":19,"column":4},"end":{"line":19,"column":351}},"12":{"start":{"line":22,"column":2},"end":{"line":32,"column":3}},"13":{"start":{"line":23,"column":4},"end":{"line":25,"column":5}},"14":{"start":{"line":24,"column":6},"end":{"line":24,"column":47}},"15":{"start":{"line":27,"column":4},"end":{"line":31,"column":5}},"16":{"start":{"line":28,"column":6},"end":{"line":28,"column":47}},"17":{"start":{"line":30,"column":6},"end":{"line":30,"column":46}},"18":{"start":{"line":34,"column":2},"end":{"line":42,"column":3}},"19":{"start":{"line":35,"column":4},"end":{"line":39,"column":7}},"20":{"start":{"line":36,"column":6},"end":{"line":36,"column":35}},"21":{"start":{"line":38,"column":6},"end":{"line":38,"column":55}},"22":{"start":{"line":41,"column":4},"end":{"line":41,"column":121}},"23":{"start":{"line":44,"column":2},"end":{"line":74,"column":4}},"24":{"start":{"line":46,"column":6},"end":{"line":54,"column":7}},"25":{"start":{"line":47,"column":8},"end":{"line":47,"column":34}},"26":{"start":{"line":48,"column":8},"end":{"line":51,"column":9}},"27":{"start":{"line":49,"column":10},"end":{"line":49,"column":24}},"28":{"start":{"line":50,"column":10},"end":{"line":50,"column":17}},"29":{"start":{"line":53,"column":8},"end":{"line":53,"column":104}},"30":{"start":{"line":57,"column":6},"end":{"line":57,"column":23}},"31":{"start":{"line":59,"column":6},"end":{"line":61,"column":7}},"32":{"start":{"line":60,"column":8},"end":{"line":60,"column":196}},"33":{"start":{"line":62,"column":6},"end":{"line":72,"column":9}},"34":{"start":{"line":63,"column":8},"end":{"line":71,"column":9}},"35":{"start":{"line":64,"column":10},"end":{"line":64,"column":37}},"36":{"start":{"line":65,"column":10},"end":{"line":68,"column":11}},"37":{"start":{"line":66,"column":12},"end":{"line":66,"column":26}},"38":{"start":{"line":67,"column":12},"end":{"line":67,"column":19}},"39":{"start":{"line":70,"column":10},"end":{"line":70,"column":111}},"40":{"start":{"line":76,"column":2},"end":{"line":82,"column":4}},"41":{"start":{"line":80,"column":6},"end":{"line":80,"column":34}},"42":{"start":{"line":85,"column":0},"end":{"line":87,"column":1}},"43":{"start":{"line":86,"column":2},"end":{"line":86,"column":59}}},"branchMap":{"1":{"line":19,"type":"binary-expr","locations":[{"start":{"line":19,"column":11},"end":{"line":19,"column":45}},{"start":{"line":19,"column":49},"end":{"line":19,"column":89}},{"start":{"line":19,"column":93},"end":{"line":19,"column":136}},{"start":{"line":19,"column":140},"end":{"line":19,"column":186}},{"start":{"line":19,"column":190},"end":{"line":19,"column":233}},{"start":{"line":19,"column":237},"end":{"line":19,"column":289}},{"start":{"line":19,"column":293},"end":{"line":19,"column":350}}]},"2":{"line":23,"type":"if","locations":[{"start":{"line":23,"column":4},"end":{"line":23,"column":4}},{"start":{"line":23,"column":4},"end":{"line":23,"column":4}}]},"3":{"line":27,"type":"if","locations":[{"start":{"line":27,"column":4},"end":{"line":27,"column":4}},{"start":{"line":27,"column":4},"end":{"line":27,"column":4}}]},"4":{"line":41,"type":"binary-expr","locations":[{"start":{"line":41,"column":31},"end":{"line":41,"column":42}},{"start":{"line":41,"column":46},"end":{"line":41,"column":102}}]},"5":{"line":46,"type":"if","locations":[{"start":{"line":46,"column":6},"end":{"line":46,"column":6}},{"start":{"line":46,"column":6},"end":{"line":46,"column":6}}]},"6":{"line":46,"type":"binary-expr","locations":[{"start":{"line":46,"column":10},"end":{"line":46,"column":43}},{"start":{"line":46,"column":47},"end":{"line":46,"column":87}}]},"7":{"line":48,"type":"if","locations":[{"start":{"line":48,"column":8},"end":{"line":48,"column":8}},{"start":{"line":48,"column":8},"end":{"line":48,"column":8}}]},"8":{"line":59,"type":"if","locations":[{"start":{"line":59,"column":6},"end":{"line":59,"column":6}},{"start":{"line":59,"column":6},"end":{"line":59,"column":6}}]},"9":{"line":63,"type":"if","locations":[{"start":{"line":63,"column":8},"end":{"line":63,"column":8}},{"start":{"line":63,"column":8},"end":{"line":63,"column":8}}]},"10":{"line":65,"type":"if","locations":[{"start":{"line":65,"column":10},"end":{"line":65,"column":10}},{"start":{"line":65,"column":10},"end":{"line":65,"column":10}}]},"11":{"line":86,"type":"binary-expr","locations":[{"start":{"line":86,"column":9},"end":{"line":86,"column":35}},{"start":{"line":86,"column":39},"end":{"line":86,"column":58}}]}},"code":["\"use strict\";","","exports.__esModule = true;","","exports.default = function (_ref) {","  var t = _ref.types;","","  function createImportDeclaration(polyfill) {","    var declar = t.importDeclaration([], t.stringLiteral(polyfill));","    declar._blockHoist = 3;","    return declar;","  }","","  function createRequireStatement(polyfill) {","    return t.expressionStatement(t.callExpression(t.identifier(\"require\"), [t.stringLiteral(polyfill)]));","  }","","  function isRequire(path) {","    return t.isExpressionStatement(path.node) && t.isCallExpression(path.node.expression) && t.isIdentifier(path.node.expression.callee) && path.node.expression.callee.name === \"require\" && path.node.expression.arguments.length === 1 && t.isStringLiteral(path.node.expression.arguments[0]) && isPolyfillSource(path.node.expression.arguments[0].value);","  }","","  function createImport(polyfill, requireType, core) {","    if (core) {","      polyfill = \"core-js/modules/\" + polyfill;","    }","","    if (requireType === \"import\") {","      return createImportDeclaration(polyfill);","    } else {","      return createRequireStatement(polyfill);","    }","  }","","  function createImports(polyfills, requireType, regenerator) {","    var imports = polyfills.filter(function (el, i, arr) {","      return arr.indexOf(el) === i;","    }).map(function (polyfill) {","      return createImport(polyfill, requireType, true);","    });","","    return [].concat(imports, [regenerator && createImport(\"regenerator-runtime/runtime\", requireType)]).filter(Boolean);","  }","","  var isPolyfillImport = {","    ImportDeclaration: function ImportDeclaration(path, state) {","      if (path.node.specifiers.length === 0 && isPolyfillSource(path.node.source.value)) {","        this.numPolyfillImports++;","        if (this.numPolyfillImports > 1) {","          path.remove();","          return;","        }","","        path.replaceWithMultiple(createImports(state.opts.polyfills, \"import\", state.opts.regenerator));","      }","    },","    Program: function Program(path, state) {","      var _this = this;","","      if (!state.opts.polyfills) {","        throw path.buildCodeFrameError(\"\\nThere was an issue in \\\"babel-preset-env\\\" such that\\nthe \\\"polyfills\\\" option was not correctly passed\\nto the \\\"transform-polyfill-require\\\" plugin\\n\");","      }","      path.get(\"body\").forEach(function (bodyPath) {","        if (isRequire(bodyPath)) {","          _this.numPolyfillImports++;","          if (_this.numPolyfillImports > 1) {","            path.remove();","            return;","          }","","          bodyPath.replaceWithMultiple(createImports(state.opts.polyfills, \"require\", state.opts.regenerator));","        }","      });","    }","  };","","  return {","    name: \"transform-polyfill-require\",","    visitor: isPolyfillImport,","    pre: function pre() {","      this.numPolyfillImports = 0;","    }","  };","};","","function isPolyfillSource(value) {","  return value === \"babel-polyfill\" || value === \"core-js\";","}"],"l":{"3":1,"5":1,"6":0,"8":1,"9":0,"10":0,"11":0,"14":1,"15":0,"18":1,"19":0,"22":1,"23":0,"24":0,"27":0,"28":0,"30":0,"34":1,"35":0,"36":0,"38":0,"41":0,"44":0,"46":0,"47":0,"48":0,"49":0,"50":0,"53":0,"57":0,"59":0,"60":0,"62":0,"63":0,"64":0,"65":0,"66":0,"67":0,"70":0,"76":0,"80":0,"85":1,"86":0}},"/home/travis/build/npmtest/node-npmtest-babel-preset-env/node_modules/babel-preset-env/data/built-in-features.js":{"path":"/home/travis/build/npmtest/node-npmtest-babel-preset-env/node_modules/babel-preset-env/data/built-in-features.js","s":{"1":1,"2":1,"3":1,"4":1,"5":1},"b":{},"f":{},"fnMap":{},"statementMap":{"1":{"start":{"line":3,"column":0},"end":{"line":29,"column":2}},"2":{"start":{"line":31,"column":0},"end":{"line":167,"column":2}},"3":{"start":{"line":169,"column":0},"end":{"line":171,"column":2}},"4":{"start":{"line":173,"column":0},"end":{"line":179,"column":2}},"5":{"start":{"line":181,"column":0},"end":{"line":181,"column":59}}},"branchMap":{},"code":["// https://github.com/zloirock/core-js","","const typedArrayMethods = [","  \"typed arrays / %TypedArray%.from\",","  \"typed arrays / %TypedArray%.of\",","  \"typed arrays / %TypedArray%.prototype.subarray\",","  \"typed arrays / %TypedArray%.prototype.join\",","  \"typed arrays / %TypedArray%.prototype.indexOf\",","  \"typed arrays / %TypedArray%.prototype.lastIndexOf\",","  \"typed arrays / %TypedArray%.prototype.slice\",","  \"typed arrays / %TypedArray%.prototype.every\",","  \"typed arrays / %TypedArray%.prototype.filter\",","  \"typed arrays / %TypedArray%.prototype.forEach\",","  \"typed arrays / %TypedArray%.prototype.map\",","  \"typed arrays / %TypedArray%.prototype.reduce\",","  \"typed arrays / %TypedArray%.prototype.reduceRight\",","  \"typed arrays / %TypedArray%.prototype.reverse\",","  \"typed arrays / %TypedArray%.prototype.some\",","  \"typed arrays / %TypedArray%.prototype.sort\",","  \"typed arrays / %TypedArray%.prototype.copyWithin\",","  \"typed arrays / %TypedArray%.prototype.find\",","  \"typed arrays / %TypedArray%.prototype.findIndex\",","  \"typed arrays / %TypedArray%.prototype.fill\",","  \"typed arrays / %TypedArray%.prototype.keys\",","  \"typed arrays / %TypedArray%.prototype.values\",","  \"typed arrays / %TypedArray%.prototype.entries\",","  \"typed arrays / %TypedArray%.prototype[Symbol.iterator]\",","  \"typed arrays / %TypedArray%[Symbol.species]\",","];","","const es2015 = {","  \"es6.typed.array-buffer\": \"typed arrays / ArrayBuffer[Symbol.species]\",","  \"es6.typed.data-view\": \"typed arrays / DataView\",","  \"es6.typed.int8-array\": {","    features: [\"typed arrays / Int8Array\"].concat(typedArrayMethods)","  },","  \"es6.typed.uint8-array\": {","    features: [\"typed arrays / Uint8Array\"].concat(typedArrayMethods)","  },","  \"es6.typed.uint8-clamped-array\": {","    features: [\"typed arrays / Uint8ClampedArray\"].concat(typedArrayMethods)","  },","  \"es6.typed.int16-array\": {","    features: [\"typed arrays / Int16Array\"].concat(typedArrayMethods)","  },","  \"es6.typed.uint16-array\": {","    features: [\"typed arrays / Uint16Array\"].concat(typedArrayMethods)","  },","  \"es6.typed.int32-array\": {","    features: [\"typed arrays / Int32Array\"].concat(typedArrayMethods)","  },","  \"es6.typed.uint32-array\": {","    features: [\"typed arrays / Uint32Array\"].concat(typedArrayMethods)","  },","  \"es6.typed.float32-array\": {","    features: [\"typed arrays / Float32Array\"].concat(typedArrayMethods)","  },","  \"es6.typed.float64-array\": {","    features: [\"typed arrays / Float64Array\"].concat(typedArrayMethods)","  },","","  \"es6.map\": \"Map\",","  \"es6.set\": \"Set\",","  \"es6.weak-map\": \"WeakMap\",","  \"es6.weak-set\": \"WeakSet\",","","  // Proxy not implementable","","  \"es6.reflect.apply\": \"Reflect / Reflect.apply\",","  \"es6.reflect.construct\": \"Reflect / Reflect.construct\",","  \"es6.reflect.define-property\": \"Reflect / Reflect.defineProperty\",","  \"es6.reflect.delete-property\": \"Reflect / Reflect.deleteProperty\",","  \"es6.reflect.get\": \"Reflect / Reflect.get\",","  \"es6.reflect.get-own-property-descriptor\": \"Reflect / Reflect.getOwnPropertyDescriptor\",","  \"es6.reflect.get-prototype-of\": \"Reflect / Reflect.getPrototypeOf\",","  \"es6.reflect.has\": \"Reflect / Reflect.has\",","  \"es6.reflect.is-extensible\": \"Reflect / Reflect.isExtensible\",","  \"es6.reflect.own-keys\": \"Reflect / Reflect.ownKeys\",","  \"es6.reflect.prevent-extensions\": \"Reflect / Reflect.preventExtensions\",","  \"es6.reflect.set\": \"Reflect / Reflect.set\",","  \"es6.reflect.set-prototype-of\": \"Reflect / Reflect.setPrototypeOf\",","","  \"es6.promise\": \"Promise\",","","  \"es6.symbol\": {","    features: [","      \"Symbol\",","      \"Object static methods / Object.getOwnPropertySymbols\",","      \"well-known symbols / Symbol.hasInstance\",","      \"well-known symbols / Symbol.isConcatSpreadable\",","      \"well-known symbols / Symbol.iterator\",","      \"well-known symbols / Symbol.match\",","      \"well-known symbols / Symbol.replace\",","      \"well-known symbols / Symbol.search\",","      \"well-known symbols / Symbol.species\",","      \"well-known symbols / Symbol.split\",","      \"well-known symbols / Symbol.toPrimitive\",","      \"well-known symbols / Symbol.toStringTag\",","      \"well-known symbols / Symbol.unscopables\",","    ]","  },","","  \"es6.object.assign\": \"Object static methods / Object.assign\",","  \"es6.object.is\": \"Object static methods / Object.is\",","  \"es6.object.set-prototype-of\": \"Object static methods / Object.setPrototypeOf\",","","  \"es6.function.name\": \"function \\\"name\\\" property\",","","  \"es6.string.raw\": \"String static methods / String.raw\",","  \"es6.string.from-code-point\": \"String static methods / String.fromCodePoint\",","","  \"es6.string.code-point-at\": \"String.prototype methods / String.prototype.codePointAt\",","  // \"String.prototype methods / String.prototype.normalize\" not implemented","  \"es6.string.repeat\": \"String.prototype methods / String.prototype.repeat\",","  \"es6.string.starts-with\": \"String.prototype methods / String.prototype.startsWith\",","  \"es6.string.ends-with\": \"String.prototype methods / String.prototype.endsWith\",","  \"es6.string.includes\": \"String.prototype methods / String.prototype.includes\",","","  \"es6.regexp.flags\": \"RegExp.prototype properties / RegExp.prototype.flags\",","  \"es6.regexp.match\": \"RegExp.prototype properties / RegExp.prototype[Symbol.match]\",","  \"es6.regexp.replace\": \"RegExp.prototype properties / RegExp.prototype[Symbol.replace]\",","  \"es6.regexp.split\": \"RegExp.prototype properties / RegExp.prototype[Symbol.split]\",","  \"es6.regexp.search\": \"RegExp.prototype properties / RegExp.prototype[Symbol.search]\",","","  \"es6.array.from\": \"Array static methods / Array.from\",","  \"es6.array.of\": \"Array static methods / Array.of\",","","  \"es6.array.copy-within\": \"Array.prototype methods / Array.prototype.copyWithin\",","  \"es6.array.find\": \"Array.prototype methods / Array.prototype.find\",","  \"es6.array.find-index\": \"Array.prototype methods / Array.prototype.findIndex\",","  \"es6.array.fill\": \"Array.prototype methods / Array.prototype.fill\",","","  \"es6.array.iterator\": {","    features: [","      \"Array.prototype methods / Array.prototype.keys\",","     // can use Symbol.iterator, not implemented in many environments","     // \"Array.prototype methods / Array.prototype.values\",","      \"Array.prototype methods / Array.prototype.entries\",","    ]","  },","","  \"es6.number.is-finite\": \"Number properties / Number.isFinite\",","  \"es6.number.is-integer\": \"Number properties / Number.isInteger\",","  \"es6.number.is-safe-integer\": \"Number properties / Number.isSafeInteger\",","  \"es6.number.is-nan\": \"Number properties / Number.isNaN\",","  \"es6.number.epsilon\": \"Number properties / Number.EPSILON\",","  \"es6.number.min-safe-integer\": \"Number properties / Number.MIN_SAFE_INTEGER\",","  \"es6.number.max-safe-integer\": \"Number properties / Number.MAX_SAFE_INTEGER\",","","  \"es6.math.acosh\": \"Math methods / Math.acosh\",","  \"es6.math.asinh\": \"Math methods / Math.asinh\",","  \"es6.math.atanh\": \"Math methods / Math.atanh\",","  \"es6.math.cbrt\": \"Math methods / Math.cbrt\",","  \"es6.math.clz32\": \"Math methods / Math.clz32\",","  \"es6.math.cosh\": \"Math methods / Math.cosh\",","  \"es6.math.expm1\": \"Math methods / Math.expm1\",","  \"es6.math.fround\": \"Math methods / Math.fround\",","  \"es6.math.hypot\": \"Math methods / Math.hypot\",","  \"es6.math.imul\": \"Math methods / Math.imul\",","  \"es6.math.log1p\": \"Math methods / Math.log1p\",","  \"es6.math.log10\": \"Math methods / Math.log10\",","  \"es6.math.log2\": \"Math methods / Math.log2\",","  \"es6.math.sign\": \"Math methods / Math.sign\",","  \"es6.math.sinh\": \"Math methods / Math.sinh\",","  \"es6.math.tanh\": \"Math methods / Math.tanh\",","  \"es6.math.trunc\": \"Math methods / Math.trunc\",","};","","const es2016 = {","  \"es7.array.includes\": \"Array.prototype.includes\",","};","","const es2017 = {","  \"es7.object.values\": \"Object static methods / Object.values\",","  \"es7.object.entries\": \"Object static methods / Object.entries\",","  \"es7.object.get-own-property-descriptors\": \"Object static methods / Object.getOwnPropertyDescriptors\",","  \"es7.string.pad-start\": \"String padding / String.prototype.padStart\",","  \"es7.string.pad-end\": \"String padding / String.prototype.padEnd\",","};","","module.exports = Object.assign({}, es2015, es2016, es2017);",""],"l":{"3":1,"31":1,"169":1,"173":1,"181":1}}}